2020-12-24 08:19:41.113 [main] INFO  o.s.s.a.ScheduledAnnotationBeanPostProcessor - No TaskScheduler/ScheduledExecutorService bean found for scheduled processing
2020-12-24 08:19:42.019 [pool-2-thread-1] INFO  com.ex.evil_log.logutil.AnnotationTask - ======info
2020-12-24 08:19:42.019 [pool-2-thread-1] INFO  com.ex.evil_log.logutil.AnnotationTask - Hello,Aub!
2020-12-24 08:19:42.019 [pool-2-thread-1] INFO  com.ex.evil_log.logutil.AnnotationTask - Hello,Aub!   3Q!
2020-12-24 08:19:42.035 [pool-2-thread-1] INFO  com.ex.evil_log.logutil.AnnotationTask - Fruit:  apple,banana
2020-12-24 08:19:43.020 [pool-2-thread-1] INFO  com.ex.evil_log.logutil.AnnotationTask - ======info
2020-12-24 08:19:43.020 [pool-2-thread-1] INFO  com.ex.evil_log.logutil.AnnotationTask - Hello,Aub!
2020-12-24 08:19:43.020 [pool-2-thread-1] INFO  com.ex.evil_log.logutil.AnnotationTask - Hello,Aub!   3Q!
2020-12-24 08:19:43.020 [pool-2-thread-1] INFO  com.ex.evil_log.logutil.AnnotationTask - Fruit:  apple,banana
2020-12-24 08:19:44.004 [pool-2-thread-1] INFO  com.ex.evil_log.logutil.AnnotationTask - ======info
2020-12-24 08:19:44.004 [pool-2-thread-1] INFO  com.ex.evil_log.logutil.AnnotationTask - Hello,Aub!
2020-12-24 08:19:44.004 [pool-2-thread-1] INFO  com.ex.evil_log.logutil.AnnotationTask - Hello,Aub!   3Q!
2020-12-24 08:19:44.004 [pool-2-thread-1] INFO  com.ex.evil_log.logutil.AnnotationTask - Fruit:  apple,banana
2020-12-24 08:19:45.004 [pool-2-thread-1] INFO  com.ex.evil_log.logutil.AnnotationTask - ======info
2020-12-24 08:19:45.004 [pool-2-thread-1] INFO  com.ex.evil_log.logutil.AnnotationTask - Hello,Aub!
2020-12-24 08:19:45.004 [pool-2-thread-1] INFO  com.ex.evil_log.logutil.AnnotationTask - Hello,Aub!   3Q!
2020-12-24 08:19:45.004 [pool-2-thread-1] INFO  com.ex.evil_log.logutil.AnnotationTask - Fruit:  apple,banana
2020-12-24 08:19:46.004 [pool-2-thread-1] INFO  com.ex.evil_log.logutil.AnnotationTask - ======info
2020-12-24 08:19:46.004 [pool-2-thread-1] INFO  com.ex.evil_log.logutil.AnnotationTask - Hello,Aub!
2020-12-24 08:19:46.004 [pool-2-thread-1] INFO  com.ex.evil_log.logutil.AnnotationTask - Hello,Aub!   3Q!
2020-12-24 08:19:46.004 [pool-2-thread-1] INFO  com.ex.evil_log.logutil.AnnotationTask - Fruit:  apple,banana
2020-12-24 08:19:47.004 [pool-2-thread-1] INFO  com.ex.evil_log.logutil.AnnotationTask - ======info
2020-12-24 08:19:47.004 [pool-2-thread-1] INFO  com.ex.evil_log.logutil.AnnotationTask - Hello,Aub!
2020-12-24 08:19:47.004 [pool-2-thread-1] INFO  com.ex.evil_log.logutil.AnnotationTask - Hello,Aub!   3Q!
2020-12-24 08:19:47.004 [pool-2-thread-1] INFO  com.ex.evil_log.logutil.AnnotationTask - Fruit:  apple,banana
2020-12-24 08:19:48.005 [pool-2-thread-1] INFO  com.ex.evil_log.logutil.AnnotationTask - ======info
2020-12-24 08:19:48.005 [pool-2-thread-1] INFO  com.ex.evil_log.logutil.AnnotationTask - Hello,Aub!
2020-12-24 08:19:48.005 [pool-2-thread-1] INFO  com.ex.evil_log.logutil.AnnotationTask - Hello,Aub!   3Q!
2020-12-24 08:19:48.005 [pool-2-thread-1] INFO  com.ex.evil_log.logutil.AnnotationTask - Fruit:  apple,banana
2020-12-24 08:19:49.005 [pool-2-thread-1] INFO  com.ex.evil_log.logutil.AnnotationTask - ======info
2020-12-24 08:19:49.005 [pool-2-thread-1] INFO  com.ex.evil_log.logutil.AnnotationTask - Hello,Aub!
2020-12-24 08:19:49.005 [pool-2-thread-1] INFO  com.ex.evil_log.logutil.AnnotationTask - Hello,Aub!   3Q!
2020-12-24 08:19:49.005 [pool-2-thread-1] INFO  com.ex.evil_log.logutil.AnnotationTask - Fruit:  apple,banana
2020-12-24 08:19:59.820 [main] INFO  o.s.t.c.support.DefaultTestContextBootstrapper - Loaded default TestExecutionListener class names from location [META-INF/spring.factories]: [org.springframework.boot.test.mock.mockito.MockitoTestExecutionListener, org.springframework.boot.test.mock.mockito.ResetMocksTestExecutionListener, org.springframework.boot.test.autoconfigure.restdocs.RestDocsTestExecutionListener, org.springframework.boot.test.autoconfigure.web.client.MockRestServiceServerResetTestExecutionListener, org.springframework.boot.test.autoconfigure.web.servlet.MockMvcPrintOnlyOnFailureTestExecutionListener, org.springframework.boot.test.autoconfigure.web.servlet.WebDriverTestExecutionListener, org.springframework.boot.test.autoconfigure.webservices.client.MockWebServiceServerTestExecutionListener, org.springframework.test.context.web.ServletTestExecutionListener, org.springframework.test.context.support.DirtiesContextBeforeModesTestExecutionListener, org.springframework.test.context.support.DependencyInjectionTestExecutionListener, org.springframework.test.context.support.DirtiesContextTestExecutionListener, org.springframework.test.context.transaction.TransactionalTestExecutionListener, org.springframework.test.context.jdbc.SqlScriptsTestExecutionListener, org.springframework.test.context.event.EventPublishingTestExecutionListener]
2020-12-24 08:19:59.851 [main] INFO  o.s.t.c.support.DefaultTestContextBootstrapper - Using TestExecutionListeners: [org.springframework.test.context.support.DirtiesContextBeforeModesTestExecutionListener@7f1302d6, org.springframework.boot.test.mock.mockito.MockitoTestExecutionListener@43ee72e6, org.springframework.test.context.support.DependencyInjectionTestExecutionListener@23529fee, org.springframework.test.context.support.DirtiesContextTestExecutionListener@4fe767f3, org.springframework.test.context.event.EventPublishingTestExecutionListener@2805c96b, org.springframework.boot.test.mock.mockito.ResetMocksTestExecutionListener@184cf7cf, org.springframework.boot.test.autoconfigure.restdocs.RestDocsTestExecutionListener@2fd6b6c7, org.springframework.boot.test.autoconfigure.web.client.MockRestServiceServerResetTestExecutionListener@5bfa9431, org.springframework.boot.test.autoconfigure.web.servlet.MockMvcPrintOnlyOnFailureTestExecutionListener@5db250b4, org.springframework.boot.test.autoconfigure.web.servlet.WebDriverTestExecutionListener@223f3642, org.springframework.boot.test.autoconfigure.webservices.client.MockWebServiceServerTestExecutionListener@38c5cc4c]
2020-12-24 08:20:01.054 [main] INFO  com.ex.evil_log.xml_aop_jdk.CustomerDao - 保存操作********
2020-12-24 08:20:01.054 [main] INFO  com.ex.evil_log.xml_aop_jdk.MyAspect - 后置通知=========================save-return
2020-12-24 08:20:01.070 [main] INFO  com.ex.evil_log.xml_aop_jdk.CustomerDao - 增加操作********
2020-12-24 08:20:01.070 [main] INFO  com.ex.evil_log.xml_aop_jdk.CustomerDao - 删除操作********
2020-12-24 08:20:01.070 [main] INFO  com.ex.evil_log.xml_aop_jdk.MyAspect - 环绕前通知=========================
2020-12-24 08:20:01.070 [main] INFO  com.ex.evil_log.xml_aop_jdk.CustomerDao - 查找所有操作********
2020-12-24 08:20:01.070 [main] INFO  com.ex.evil_log.xml_aop_jdk.MyAspect - 环绕后通知=========================
2020-12-24 08:20:01.070 [main] INFO  com.ex.evil_log.xml_aop_jdk.CustomerDao - 增加操作********
2020-12-24 08:20:01.070 [main] INFO  com.ex.evil_log.xml_aop_jdk.CustomerDao - 查找一个操作********
2020-12-24 08:20:01.070 [main] INFO  com.ex.evil_log.xml_aop_jdk.MyAspect - 最终通知=========================
2020-12-24 08:20:55.989 [main] INFO  o.s.t.c.support.DefaultTestContextBootstrapper - Loaded default TestExecutionListener class names from location [META-INF/spring.factories]: [org.springframework.boot.test.mock.mockito.MockitoTestExecutionListener, org.springframework.boot.test.mock.mockito.ResetMocksTestExecutionListener, org.springframework.boot.test.autoconfigure.restdocs.RestDocsTestExecutionListener, org.springframework.boot.test.autoconfigure.web.client.MockRestServiceServerResetTestExecutionListener, org.springframework.boot.test.autoconfigure.web.servlet.MockMvcPrintOnlyOnFailureTestExecutionListener, org.springframework.boot.test.autoconfigure.web.servlet.WebDriverTestExecutionListener, org.springframework.boot.test.autoconfigure.webservices.client.MockWebServiceServerTestExecutionListener, org.springframework.test.context.web.ServletTestExecutionListener, org.springframework.test.context.support.DirtiesContextBeforeModesTestExecutionListener, org.springframework.test.context.support.DependencyInjectionTestExecutionListener, org.springframework.test.context.support.DirtiesContextTestExecutionListener, org.springframework.test.context.transaction.TransactionalTestExecutionListener, org.springframework.test.context.jdbc.SqlScriptsTestExecutionListener, org.springframework.test.context.event.EventPublishingTestExecutionListener]
2020-12-24 08:20:56.005 [main] INFO  o.s.t.c.support.DefaultTestContextBootstrapper - Using TestExecutionListeners: [org.springframework.test.context.support.DirtiesContextBeforeModesTestExecutionListener@7f1302d6, org.springframework.boot.test.mock.mockito.MockitoTestExecutionListener@43ee72e6, org.springframework.test.context.support.DependencyInjectionTestExecutionListener@23529fee, org.springframework.test.context.support.DirtiesContextTestExecutionListener@4fe767f3, org.springframework.test.context.event.EventPublishingTestExecutionListener@2805c96b, org.springframework.boot.test.mock.mockito.ResetMocksTestExecutionListener@184cf7cf, org.springframework.boot.test.autoconfigure.restdocs.RestDocsTestExecutionListener@2fd6b6c7, org.springframework.boot.test.autoconfigure.web.client.MockRestServiceServerResetTestExecutionListener@5bfa9431, org.springframework.boot.test.autoconfigure.web.servlet.MockMvcPrintOnlyOnFailureTestExecutionListener@5db250b4, org.springframework.boot.test.autoconfigure.web.servlet.WebDriverTestExecutionListener@223f3642, org.springframework.boot.test.autoconfigure.webservices.client.MockWebServiceServerTestExecutionListener@38c5cc4c]
2020-12-24 08:20:56.989 [main] INFO  com.ex.evil_log.xml_aop_jdk.CustomerDao - 保存操作********
2020-12-24 08:20:56.989 [main] INFO  com.ex.evil_log.xml_aop_jdk.MyAspect - 后置通知=========================save-return
2020-12-24 08:20:56.989 [main] INFO  com.ex.evil_log.xml_aop_jdk.CustomerDao - 增加操作********
2020-12-24 08:20:56.989 [main] INFO  com.ex.evil_log.xml_aop_jdk.CustomerDao - 删除操作********
2020-12-24 08:20:56.989 [main] INFO  com.ex.evil_log.xml_aop_jdk.MyAspect - 环绕前通知=========================
2020-12-24 08:20:56.989 [main] INFO  com.ex.evil_log.xml_aop_jdk.CustomerDao - 查找所有操作********
2020-12-24 08:20:56.989 [main] INFO  com.ex.evil_log.xml_aop_jdk.MyAspect - 环绕后通知=========================
2020-12-24 08:20:56.989 [main] INFO  com.ex.evil_log.xml_aop_jdk.CustomerDao - 增加操作********
2020-12-24 08:20:56.989 [main] INFO  com.ex.evil_log.xml_aop_jdk.CustomerDao - 查找一个操作********
2020-12-24 08:20:56.989 [main] INFO  com.ex.evil_log.xml_aop_jdk.MyAspect - 最终通知=========================
2020-12-24 08:21:09.373 [main] INFO  o.s.t.c.support.DefaultTestContextBootstrapper - Loaded default TestExecutionListener class names from location [META-INF/spring.factories]: [org.springframework.boot.test.mock.mockito.MockitoTestExecutionListener, org.springframework.boot.test.mock.mockito.ResetMocksTestExecutionListener, org.springframework.boot.test.autoconfigure.restdocs.RestDocsTestExecutionListener, org.springframework.boot.test.autoconfigure.web.client.MockRestServiceServerResetTestExecutionListener, org.springframework.boot.test.autoconfigure.web.servlet.MockMvcPrintOnlyOnFailureTestExecutionListener, org.springframework.boot.test.autoconfigure.web.servlet.WebDriverTestExecutionListener, org.springframework.boot.test.autoconfigure.webservices.client.MockWebServiceServerTestExecutionListener, org.springframework.test.context.web.ServletTestExecutionListener, org.springframework.test.context.support.DirtiesContextBeforeModesTestExecutionListener, org.springframework.test.context.support.DependencyInjectionTestExecutionListener, org.springframework.test.context.support.DirtiesContextTestExecutionListener, org.springframework.test.context.transaction.TransactionalTestExecutionListener, org.springframework.test.context.jdbc.SqlScriptsTestExecutionListener, org.springframework.test.context.event.EventPublishingTestExecutionListener]
2020-12-24 08:21:09.389 [main] INFO  o.s.t.c.support.DefaultTestContextBootstrapper - Using TestExecutionListeners: [org.springframework.test.context.support.DirtiesContextBeforeModesTestExecutionListener@7f1302d6, org.springframework.boot.test.mock.mockito.MockitoTestExecutionListener@43ee72e6, org.springframework.test.context.support.DependencyInjectionTestExecutionListener@23529fee, org.springframework.test.context.support.DirtiesContextTestExecutionListener@4fe767f3, org.springframework.test.context.event.EventPublishingTestExecutionListener@2805c96b, org.springframework.boot.test.mock.mockito.ResetMocksTestExecutionListener@184cf7cf, org.springframework.boot.test.autoconfigure.restdocs.RestDocsTestExecutionListener@2fd6b6c7, org.springframework.boot.test.autoconfigure.web.client.MockRestServiceServerResetTestExecutionListener@5bfa9431, org.springframework.boot.test.autoconfigure.web.servlet.MockMvcPrintOnlyOnFailureTestExecutionListener@5db250b4, org.springframework.boot.test.autoconfigure.web.servlet.WebDriverTestExecutionListener@223f3642, org.springframework.boot.test.autoconfigure.webservices.client.MockWebServiceServerTestExecutionListener@38c5cc4c]
2020-12-24 08:21:10.405 [main] INFO  com.ex.evil_log.xml_aop_jdk.CustomerDao - 保存操作********
2020-12-24 08:21:10.405 [main] INFO  com.ex.evil_log.xml_aop_jdk.MyAspect - 后置通知=========================save-return
2020-12-24 08:21:10.405 [main] INFO  com.ex.evil_log.xml_aop_jdk.CustomerDao - 增加操作********
2020-12-24 08:21:10.405 [main] INFO  com.ex.evil_log.xml_aop_jdk.CustomerDao - 删除操作********
2020-12-24 08:21:10.405 [main] INFO  com.ex.evil_log.xml_aop_jdk.MyAspect - 环绕前通知=========================
2020-12-24 08:21:10.405 [main] INFO  com.ex.evil_log.xml_aop_jdk.CustomerDao - 查找所有操作********
2020-12-24 08:21:10.405 [main] INFO  com.ex.evil_log.xml_aop_jdk.MyAspect - 环绕后通知=========================
2020-12-24 08:21:10.405 [main] INFO  com.ex.evil_log.xml_aop_jdk.CustomerDao - 增加操作********
2020-12-24 08:21:10.405 [main] INFO  com.ex.evil_log.xml_aop_jdk.CustomerDao - 查找一个操作********
2020-12-24 08:21:10.405 [main] INFO  com.ex.evil_log.xml_aop_jdk.MyAspect - 最终通知=========================
