2020-12-23 23:19:45.603 [ main ] - [ INFO  ] [ o.s.s.a.ScheduledAnnotationBeanPostProcessor : 309 ] 111- No TaskScheduler/ScheduledExecutorService bean found for scheduled processing
2020-12-23 23:19:46.010 [ pool-2-thread-1 ] - [ INFO  ] [ com.ex.evil_log.util.AnnotationTask : 19 ] 111- ======info
2020-12-23 23:19:46.010 [ pool-2-thread-1 ] - [ WARN  ] [ com.ex.evil_log.util.AnnotationTask : 20 ] 111- ======warn
2020-12-23 23:19:46.010 [ pool-2-thread-1 ] - [ ERROR ] [ com.ex.evil_log.util.AnnotationTask : 21 ] 111- ======error
2020-12-23 23:19:46.010 [ pool-2-thread-1 ] - [ INFO  ] [ com.ex.evil_log.util.AnnotationTask : 28 ] 111- Hello,Aub!
2020-12-23 23:19:46.010 [ pool-2-thread-1 ] - [ INFO  ] [ com.ex.evil_log.util.AnnotationTask : 31 ] 111- Hello,Aub!   3Q!
2020-12-23 23:19:46.010 [ pool-2-thread-1 ] - [ INFO  ] [ com.ex.evil_log.util.AnnotationTask : 34 ] 111- Fruit:  apple,banana
2020-12-23 23:19:47.025 [ pool-2-thread-1 ] - [ INFO  ] [ com.ex.evil_log.util.AnnotationTask : 19 ] 111- ======info
2020-12-23 23:19:47.025 [ pool-2-thread-1 ] - [ WARN  ] [ com.ex.evil_log.util.AnnotationTask : 20 ] 111- ======warn
2020-12-23 23:19:47.025 [ pool-2-thread-1 ] - [ ERROR ] [ com.ex.evil_log.util.AnnotationTask : 21 ] 111- ======error
2020-12-23 23:19:47.025 [ pool-2-thread-1 ] - [ INFO  ] [ com.ex.evil_log.util.AnnotationTask : 28 ] 111- Hello,Aub!
2020-12-23 23:19:47.025 [ pool-2-thread-1 ] - [ INFO  ] [ com.ex.evil_log.util.AnnotationTask : 31 ] 111- Hello,Aub!   3Q!
2020-12-23 23:19:47.025 [ pool-2-thread-1 ] - [ INFO  ] [ com.ex.evil_log.util.AnnotationTask : 34 ] 111- Fruit:  apple,banana
2020-12-23 23:19:48.009 [ pool-2-thread-1 ] - [ INFO  ] [ com.ex.evil_log.util.AnnotationTask : 19 ] 111- ======info
2020-12-23 23:19:48.009 [ pool-2-thread-1 ] - [ WARN  ] [ com.ex.evil_log.util.AnnotationTask : 20 ] 111- ======warn
2020-12-23 23:19:48.009 [ pool-2-thread-1 ] - [ ERROR ] [ com.ex.evil_log.util.AnnotationTask : 21 ] 111- ======error
2020-12-23 23:19:48.009 [ pool-2-thread-1 ] - [ INFO  ] [ com.ex.evil_log.util.AnnotationTask : 28 ] 111- Hello,Aub!
2020-12-23 23:19:48.009 [ pool-2-thread-1 ] - [ INFO  ] [ com.ex.evil_log.util.AnnotationTask : 31 ] 111- Hello,Aub!   3Q!
2020-12-23 23:19:48.009 [ pool-2-thread-1 ] - [ INFO  ] [ com.ex.evil_log.util.AnnotationTask : 34 ] 111- Fruit:  apple,banana
2020-12-23 23:19:49.009 [ pool-2-thread-1 ] - [ INFO  ] [ com.ex.evil_log.util.AnnotationTask : 19 ] 111- ======info
2020-12-23 23:19:49.009 [ pool-2-thread-1 ] - [ WARN  ] [ com.ex.evil_log.util.AnnotationTask : 20 ] 111- ======warn
2020-12-23 23:19:49.009 [ pool-2-thread-1 ] - [ ERROR ] [ com.ex.evil_log.util.AnnotationTask : 21 ] 111- ======error
2020-12-23 23:19:49.009 [ pool-2-thread-1 ] - [ INFO  ] [ com.ex.evil_log.util.AnnotationTask : 28 ] 111- Hello,Aub!
2020-12-23 23:19:49.009 [ pool-2-thread-1 ] - [ INFO  ] [ com.ex.evil_log.util.AnnotationTask : 31 ] 111- Hello,Aub!   3Q!
2020-12-23 23:19:49.009 [ pool-2-thread-1 ] - [ INFO  ] [ com.ex.evil_log.util.AnnotationTask : 34 ] 111- Fruit:  apple,banana
2020-12-23 23:19:50.009 [ pool-2-thread-1 ] - [ INFO  ] [ com.ex.evil_log.util.AnnotationTask : 19 ] 111- ======info
2020-12-23 23:19:50.009 [ pool-2-thread-1 ] - [ WARN  ] [ com.ex.evil_log.util.AnnotationTask : 20 ] 111- ======warn
2020-12-23 23:19:50.009 [ pool-2-thread-1 ] - [ ERROR ] [ com.ex.evil_log.util.AnnotationTask : 21 ] 111- ======error
2020-12-23 23:19:50.009 [ pool-2-thread-1 ] - [ INFO  ] [ com.ex.evil_log.util.AnnotationTask : 28 ] 111- Hello,Aub!
2020-12-23 23:19:50.009 [ pool-2-thread-1 ] - [ INFO  ] [ com.ex.evil_log.util.AnnotationTask : 31 ] 111- Hello,Aub!   3Q!
2020-12-23 23:19:50.009 [ pool-2-thread-1 ] - [ INFO  ] [ com.ex.evil_log.util.AnnotationTask : 34 ] 111- Fruit:  apple,banana
2020-12-23 23:19:51.008 [ pool-2-thread-1 ] - [ INFO  ] [ com.ex.evil_log.util.AnnotationTask : 19 ] 111- ======info
2020-12-23 23:19:51.008 [ pool-2-thread-1 ] - [ WARN  ] [ com.ex.evil_log.util.AnnotationTask : 20 ] 111- ======warn
2020-12-23 23:19:51.008 [ pool-2-thread-1 ] - [ ERROR ] [ com.ex.evil_log.util.AnnotationTask : 21 ] 111- ======error
2020-12-23 23:19:51.008 [ pool-2-thread-1 ] - [ INFO  ] [ com.ex.evil_log.util.AnnotationTask : 28 ] 111- Hello,Aub!
2020-12-23 23:19:51.008 [ pool-2-thread-1 ] - [ INFO  ] [ com.ex.evil_log.util.AnnotationTask : 31 ] 111- Hello,Aub!   3Q!
2020-12-23 23:19:51.008 [ pool-2-thread-1 ] - [ INFO  ] [ com.ex.evil_log.util.AnnotationTask : 34 ] 111- Fruit:  apple,banana
2020-12-23 23:19:52.008 [ pool-2-thread-1 ] - [ INFO  ] [ com.ex.evil_log.util.AnnotationTask : 19 ] 111- ======info
2020-12-23 23:19:52.008 [ pool-2-thread-1 ] - [ WARN  ] [ com.ex.evil_log.util.AnnotationTask : 20 ] 111- ======warn
2020-12-23 23:19:52.008 [ pool-2-thread-1 ] - [ ERROR ] [ com.ex.evil_log.util.AnnotationTask : 21 ] 111- ======error
2020-12-23 23:19:52.008 [ pool-2-thread-1 ] - [ INFO  ] [ com.ex.evil_log.util.AnnotationTask : 28 ] 111- Hello,Aub!
2020-12-23 23:19:52.008 [ pool-2-thread-1 ] - [ INFO  ] [ com.ex.evil_log.util.AnnotationTask : 31 ] 111- Hello,Aub!   3Q!
2020-12-23 23:19:52.008 [ pool-2-thread-1 ] - [ INFO  ] [ com.ex.evil_log.util.AnnotationTask : 34 ] 111- Fruit:  apple,banana
2020-12-23 23:19:53.005 [ pool-2-thread-1 ] - [ INFO  ] [ com.ex.evil_log.util.AnnotationTask : 19 ] 111- ======info
2020-12-23 23:19:53.005 [ pool-2-thread-1 ] - [ WARN  ] [ com.ex.evil_log.util.AnnotationTask : 20 ] 111- ======warn
2020-12-23 23:19:53.005 [ pool-2-thread-1 ] - [ ERROR ] [ com.ex.evil_log.util.AnnotationTask : 21 ] 111- ======error
2020-12-23 23:19:53.005 [ pool-2-thread-1 ] - [ INFO  ] [ com.ex.evil_log.util.AnnotationTask : 28 ] 111- Hello,Aub!
2020-12-23 23:19:53.005 [ pool-2-thread-1 ] - [ INFO  ] [ com.ex.evil_log.util.AnnotationTask : 31 ] 111- Hello,Aub!   3Q!
2020-12-23 23:19:53.005 [ pool-2-thread-1 ] - [ INFO  ] [ com.ex.evil_log.util.AnnotationTask : 34 ] 111- Fruit:  apple,banana
2020-12-23 23:19:54.005 [ pool-2-thread-1 ] - [ INFO  ] [ com.ex.evil_log.util.AnnotationTask : 19 ] 111- ======info
2020-12-23 23:19:54.005 [ pool-2-thread-1 ] - [ WARN  ] [ com.ex.evil_log.util.AnnotationTask : 20 ] 111- ======warn
2020-12-23 23:19:54.005 [ pool-2-thread-1 ] - [ ERROR ] [ com.ex.evil_log.util.AnnotationTask : 21 ] 111- ======error
2020-12-23 23:19:54.005 [ pool-2-thread-1 ] - [ INFO  ] [ com.ex.evil_log.util.AnnotationTask : 28 ] 111- Hello,Aub!
2020-12-23 23:19:54.005 [ pool-2-thread-1 ] - [ INFO  ] [ com.ex.evil_log.util.AnnotationTask : 31 ] 111- Hello,Aub!   3Q!
2020-12-23 23:19:54.005 [ pool-2-thread-1 ] - [ INFO  ] [ com.ex.evil_log.util.AnnotationTask : 34 ] 111- Fruit:  apple,banana
2020-12-23 23:19:55.016 [ pool-2-thread-1 ] - [ INFO  ] [ com.ex.evil_log.util.AnnotationTask : 19 ] 111- ======info
2020-12-23 23:19:55.016 [ pool-2-thread-1 ] - [ WARN  ] [ com.ex.evil_log.util.AnnotationTask : 20 ] 111- ======warn
2020-12-23 23:19:55.016 [ pool-2-thread-1 ] - [ ERROR ] [ com.ex.evil_log.util.AnnotationTask : 21 ] 111- ======error
2020-12-23 23:19:55.016 [ pool-2-thread-1 ] - [ INFO  ] [ com.ex.evil_log.util.AnnotationTask : 28 ] 111- Hello,Aub!
2020-12-23 23:19:55.016 [ pool-2-thread-1 ] - [ INFO  ] [ com.ex.evil_log.util.AnnotationTask : 31 ] 111- Hello,Aub!   3Q!
2020-12-23 23:19:55.016 [ pool-2-thread-1 ] - [ INFO  ] [ com.ex.evil_log.util.AnnotationTask : 34 ] 111- Fruit:  apple,banana
2020-12-23 23:19:56.013 [ pool-2-thread-1 ] - [ INFO  ] [ com.ex.evil_log.util.AnnotationTask : 19 ] 111- ======info
2020-12-23 23:19:56.013 [ pool-2-thread-1 ] - [ WARN  ] [ com.ex.evil_log.util.AnnotationTask : 20 ] 111- ======warn
2020-12-23 23:19:56.013 [ pool-2-thread-1 ] - [ ERROR ] [ com.ex.evil_log.util.AnnotationTask : 21 ] 111- ======error
2020-12-23 23:19:56.013 [ pool-2-thread-1 ] - [ INFO  ] [ com.ex.evil_log.util.AnnotationTask : 28 ] 111- Hello,Aub!
2020-12-23 23:19:56.013 [ pool-2-thread-1 ] - [ INFO  ] [ com.ex.evil_log.util.AnnotationTask : 31 ] 111- Hello,Aub!   3Q!
2020-12-23 23:19:56.013 [ pool-2-thread-1 ] - [ INFO  ] [ com.ex.evil_log.util.AnnotationTask : 34 ] 111- Fruit:  apple,banana
2020-12-23 23:19:57.013 [ pool-2-thread-1 ] - [ INFO  ] [ com.ex.evil_log.util.AnnotationTask : 19 ] 111- ======info
2020-12-23 23:19:57.013 [ pool-2-thread-1 ] - [ WARN  ] [ com.ex.evil_log.util.AnnotationTask : 20 ] 111- ======warn
2020-12-23 23:19:57.013 [ pool-2-thread-1 ] - [ ERROR ] [ com.ex.evil_log.util.AnnotationTask : 21 ] 111- ======error
2020-12-23 23:19:57.013 [ pool-2-thread-1 ] - [ INFO  ] [ com.ex.evil_log.util.AnnotationTask : 28 ] 111- Hello,Aub!
2020-12-23 23:19:57.013 [ pool-2-thread-1 ] - [ INFO  ] [ com.ex.evil_log.util.AnnotationTask : 31 ] 111- Hello,Aub!   3Q!
2020-12-23 23:19:57.013 [ pool-2-thread-1 ] - [ INFO  ] [ com.ex.evil_log.util.AnnotationTask : 34 ] 111- Fruit:  apple,banana
2020-12-23 23:19:58.012 [ pool-2-thread-1 ] - [ INFO  ] [ com.ex.evil_log.util.AnnotationTask : 19 ] 111- ======info
2020-12-23 23:19:58.012 [ pool-2-thread-1 ] - [ WARN  ] [ com.ex.evil_log.util.AnnotationTask : 20 ] 111- ======warn
2020-12-23 23:19:58.012 [ pool-2-thread-1 ] - [ ERROR ] [ com.ex.evil_log.util.AnnotationTask : 21 ] 111- ======error
2020-12-23 23:19:58.012 [ pool-2-thread-1 ] - [ INFO  ] [ com.ex.evil_log.util.AnnotationTask : 28 ] 111- Hello,Aub!
2020-12-23 23:19:58.012 [ pool-2-thread-1 ] - [ INFO  ] [ com.ex.evil_log.util.AnnotationTask : 31 ] 111- Hello,Aub!   3Q!
2020-12-23 23:19:58.012 [ pool-2-thread-1 ] - [ INFO  ] [ com.ex.evil_log.util.AnnotationTask : 34 ] 111- Fruit:  apple,banana
2020-12-23 23:19:59.012 [ pool-2-thread-1 ] - [ INFO  ] [ com.ex.evil_log.util.AnnotationTask : 19 ] 111- ======info
2020-12-23 23:19:59.012 [ pool-2-thread-1 ] - [ WARN  ] [ com.ex.evil_log.util.AnnotationTask : 20 ] 111- ======warn
2020-12-23 23:19:59.012 [ pool-2-thread-1 ] - [ ERROR ] [ com.ex.evil_log.util.AnnotationTask : 21 ] 111- ======error
2020-12-23 23:19:59.012 [ pool-2-thread-1 ] - [ INFO  ] [ com.ex.evil_log.util.AnnotationTask : 28 ] 111- Hello,Aub!
2020-12-23 23:19:59.012 [ pool-2-thread-1 ] - [ INFO  ] [ com.ex.evil_log.util.AnnotationTask : 31 ] 111- Hello,Aub!   3Q!
2020-12-23 23:19:59.012 [ pool-2-thread-1 ] - [ INFO  ] [ com.ex.evil_log.util.AnnotationTask : 34 ] 111- Fruit:  apple,banana
2020-12-23 23:20:00.012 [ pool-2-thread-1 ] - [ INFO  ] [ com.ex.evil_log.util.AnnotationTask : 19 ] 111- ======info
2020-12-23 23:20:00.012 [ pool-2-thread-1 ] - [ WARN  ] [ com.ex.evil_log.util.AnnotationTask : 20 ] 111- ======warn
2020-12-23 23:20:00.012 [ pool-2-thread-1 ] - [ ERROR ] [ com.ex.evil_log.util.AnnotationTask : 21 ] 111- ======error
2020-12-23 23:20:00.012 [ pool-2-thread-1 ] - [ INFO  ] [ com.ex.evil_log.util.AnnotationTask : 28 ] 111- Hello,Aub!
2020-12-23 23:20:00.012 [ pool-2-thread-1 ] - [ INFO  ] [ com.ex.evil_log.util.AnnotationTask : 31 ] 111- Hello,Aub!   3Q!
2020-12-23 23:20:00.012 [ pool-2-thread-1 ] - [ INFO  ] [ com.ex.evil_log.util.AnnotationTask : 34 ] 111- Fruit:  apple,banana
2020-12-23 23:20:01.012 [ pool-2-thread-1 ] - [ INFO  ] [ com.ex.evil_log.util.AnnotationTask : 19 ] 111- ======info
2020-12-23 23:20:01.012 [ pool-2-thread-1 ] - [ WARN  ] [ com.ex.evil_log.util.AnnotationTask : 20 ] 111- ======warn
2020-12-23 23:20:01.012 [ pool-2-thread-1 ] - [ ERROR ] [ com.ex.evil_log.util.AnnotationTask : 21 ] 111- ======error
2020-12-23 23:20:01.012 [ pool-2-thread-1 ] - [ INFO  ] [ com.ex.evil_log.util.AnnotationTask : 28 ] 111- Hello,Aub!
2020-12-23 23:20:01.012 [ pool-2-thread-1 ] - [ INFO  ] [ com.ex.evil_log.util.AnnotationTask : 31 ] 111- Hello,Aub!   3Q!
2020-12-23 23:20:01.012 [ pool-2-thread-1 ] - [ INFO  ] [ com.ex.evil_log.util.AnnotationTask : 34 ] 111- Fruit:  apple,banana
2020-12-23 23:20:02.011 [ pool-2-thread-1 ] - [ INFO  ] [ com.ex.evil_log.util.AnnotationTask : 19 ] 111- ======info
2020-12-23 23:20:02.011 [ pool-2-thread-1 ] - [ WARN  ] [ com.ex.evil_log.util.AnnotationTask : 20 ] 111- ======warn
2020-12-23 23:20:02.011 [ pool-2-thread-1 ] - [ ERROR ] [ com.ex.evil_log.util.AnnotationTask : 21 ] 111- ======error
2020-12-23 23:20:02.011 [ pool-2-thread-1 ] - [ INFO  ] [ com.ex.evil_log.util.AnnotationTask : 28 ] 111- Hello,Aub!
2020-12-23 23:20:02.011 [ pool-2-thread-1 ] - [ INFO  ] [ com.ex.evil_log.util.AnnotationTask : 31 ] 111- Hello,Aub!   3Q!
2020-12-23 23:20:02.011 [ pool-2-thread-1 ] - [ INFO  ] [ com.ex.evil_log.util.AnnotationTask : 34 ] 111- Fruit:  apple,banana
2020-12-23 23:20:03.016 [ pool-2-thread-1 ] - [ INFO  ] [ com.ex.evil_log.util.AnnotationTask : 19 ] 111- ======info
2020-12-23 23:20:03.016 [ pool-2-thread-1 ] - [ WARN  ] [ com.ex.evil_log.util.AnnotationTask : 20 ] 111- ======warn
2020-12-23 23:20:03.016 [ pool-2-thread-1 ] - [ ERROR ] [ com.ex.evil_log.util.AnnotationTask : 21 ] 111- ======error
2020-12-23 23:20:03.016 [ pool-2-thread-1 ] - [ INFO  ] [ com.ex.evil_log.util.AnnotationTask : 28 ] 111- Hello,Aub!
2020-12-23 23:20:03.016 [ pool-2-thread-1 ] - [ INFO  ] [ com.ex.evil_log.util.AnnotationTask : 31 ] 111- Hello,Aub!   3Q!
2020-12-23 23:20:03.016 [ pool-2-thread-1 ] - [ INFO  ] [ com.ex.evil_log.util.AnnotationTask : 34 ] 111- Fruit:  apple,banana
2020-12-23 23:20:04.019 [ pool-2-thread-1 ] - [ INFO  ] [ com.ex.evil_log.util.AnnotationTask : 19 ] 111- ======info
2020-12-23 23:20:04.019 [ pool-2-thread-1 ] - [ WARN  ] [ com.ex.evil_log.util.AnnotationTask : 20 ] 111- ======warn
2020-12-23 23:20:04.019 [ pool-2-thread-1 ] - [ ERROR ] [ com.ex.evil_log.util.AnnotationTask : 21 ] 111- ======error
2020-12-23 23:20:04.019 [ pool-2-thread-1 ] - [ INFO  ] [ com.ex.evil_log.util.AnnotationTask : 28 ] 111- Hello,Aub!
2020-12-23 23:20:04.019 [ pool-2-thread-1 ] - [ INFO  ] [ com.ex.evil_log.util.AnnotationTask : 31 ] 111- Hello,Aub!   3Q!
2020-12-23 23:20:04.019 [ pool-2-thread-1 ] - [ INFO  ] [ com.ex.evil_log.util.AnnotationTask : 34 ] 111- Fruit:  apple,banana
2020-12-23 23:20:05.011 [ pool-2-thread-1 ] - [ INFO  ] [ com.ex.evil_log.util.AnnotationTask : 19 ] 111- ======info
2020-12-23 23:20:05.011 [ pool-2-thread-1 ] - [ WARN  ] [ com.ex.evil_log.util.AnnotationTask : 20 ] 111- ======warn
2020-12-23 23:20:05.011 [ pool-2-thread-1 ] - [ ERROR ] [ com.ex.evil_log.util.AnnotationTask : 21 ] 111- ======error
2020-12-23 23:20:05.011 [ pool-2-thread-1 ] - [ INFO  ] [ com.ex.evil_log.util.AnnotationTask : 28 ] 111- Hello,Aub!
2020-12-23 23:20:05.011 [ pool-2-thread-1 ] - [ INFO  ] [ com.ex.evil_log.util.AnnotationTask : 31 ] 111- Hello,Aub!   3Q!
2020-12-23 23:20:05.011 [ pool-2-thread-1 ] - [ INFO  ] [ com.ex.evil_log.util.AnnotationTask : 34 ] 111- Fruit:  apple,banana
2020-12-23 23:20:06.012 [ pool-2-thread-1 ] - [ INFO  ] [ com.ex.evil_log.util.AnnotationTask : 19 ] 111- ======info
2020-12-23 23:20:06.012 [ pool-2-thread-1 ] - [ WARN  ] [ com.ex.evil_log.util.AnnotationTask : 20 ] 111- ======warn
2020-12-23 23:20:06.012 [ pool-2-thread-1 ] - [ ERROR ] [ com.ex.evil_log.util.AnnotationTask : 21 ] 111- ======error
2020-12-23 23:20:06.012 [ pool-2-thread-1 ] - [ INFO  ] [ com.ex.evil_log.util.AnnotationTask : 28 ] 111- Hello,Aub!
2020-12-23 23:20:06.012 [ pool-2-thread-1 ] - [ INFO  ] [ com.ex.evil_log.util.AnnotationTask : 31 ] 111- Hello,Aub!   3Q!
2020-12-23 23:20:06.012 [ pool-2-thread-1 ] - [ INFO  ] [ com.ex.evil_log.util.AnnotationTask : 34 ] 111- Fruit:  apple,banana
2020-12-23 23:20:07.016 [ pool-2-thread-1 ] - [ INFO  ] [ com.ex.evil_log.util.AnnotationTask : 19 ] 111- ======info
2020-12-23 23:20:07.016 [ pool-2-thread-1 ] - [ WARN  ] [ com.ex.evil_log.util.AnnotationTask : 20 ] 111- ======warn
2020-12-23 23:20:07.016 [ pool-2-thread-1 ] - [ ERROR ] [ com.ex.evil_log.util.AnnotationTask : 21 ] 111- ======error
2020-12-23 23:20:07.016 [ pool-2-thread-1 ] - [ INFO  ] [ com.ex.evil_log.util.AnnotationTask : 28 ] 111- Hello,Aub!
2020-12-23 23:20:07.016 [ pool-2-thread-1 ] - [ INFO  ] [ com.ex.evil_log.util.AnnotationTask : 31 ] 111- Hello,Aub!   3Q!
2020-12-23 23:20:07.016 [ pool-2-thread-1 ] - [ INFO  ] [ com.ex.evil_log.util.AnnotationTask : 34 ] 111- Fruit:  apple,banana
2020-12-23 23:20:08.016 [ pool-2-thread-1 ] - [ INFO  ] [ com.ex.evil_log.util.AnnotationTask : 19 ] 111- ======info
2020-12-23 23:20:08.016 [ pool-2-thread-1 ] - [ WARN  ] [ com.ex.evil_log.util.AnnotationTask : 20 ] 111- ======warn
2020-12-23 23:20:08.016 [ pool-2-thread-1 ] - [ ERROR ] [ com.ex.evil_log.util.AnnotationTask : 21 ] 111- ======error
2020-12-23 23:20:08.016 [ pool-2-thread-1 ] - [ INFO  ] [ com.ex.evil_log.util.AnnotationTask : 28 ] 111- Hello,Aub!
2020-12-23 23:20:08.016 [ pool-2-thread-1 ] - [ INFO  ] [ com.ex.evil_log.util.AnnotationTask : 31 ] 111- Hello,Aub!   3Q!
2020-12-23 23:20:08.016 [ pool-2-thread-1 ] - [ INFO  ] [ com.ex.evil_log.util.AnnotationTask : 34 ] 111- Fruit:  apple,banana
2020-12-23 08:49:34.048 [ main ] - [ INFO  ] [ o.s.s.a.ScheduledAnnotationBeanPostProcessor : 309 ] 111- No TaskScheduler/ScheduledExecutorService bean found for scheduled processing
2020-12-23 08:49:35.017 [ pool-2-thread-1 ] - [ INFO  ] [ com.ex.evil_log.util.AnnotationTask : 19 ] 111- ======info
2020-12-23 08:49:35.017 [ pool-2-thread-1 ] - [ WARN  ] [ com.ex.evil_log.util.AnnotationTask : 20 ] 111- ======warn
2020-12-23 08:49:35.017 [ pool-2-thread-1 ] - [ ERROR ] [ com.ex.evil_log.util.AnnotationTask : 21 ] 111- ======error
2020-12-23 08:49:35.017 [ pool-2-thread-1 ] - [ INFO  ] [ com.ex.evil_log.util.AnnotationTask : 28 ] 111- Hello,Aub!
2020-12-23 08:49:35.017 [ pool-2-thread-1 ] - [ INFO  ] [ com.ex.evil_log.util.AnnotationTask : 31 ] 111- Hello,Aub!   3Q!
2020-12-23 08:49:35.017 [ pool-2-thread-1 ] - [ INFO  ] [ com.ex.evil_log.util.AnnotationTask : 34 ] 111- Fruit:  apple,banana
2020-12-23 08:49:36.017 [ pool-2-thread-1 ] - [ INFO  ] [ com.ex.evil_log.util.AnnotationTask : 19 ] 111- ======info
2020-12-23 08:49:36.033 [ pool-2-thread-1 ] - [ WARN  ] [ com.ex.evil_log.util.AnnotationTask : 20 ] 111- ======warn
2020-12-23 08:49:36.033 [ pool-2-thread-1 ] - [ ERROR ] [ com.ex.evil_log.util.AnnotationTask : 21 ] 111- ======error
2020-12-23 08:49:36.033 [ pool-2-thread-1 ] - [ INFO  ] [ com.ex.evil_log.util.AnnotationTask : 28 ] 111- Hello,Aub!
2020-12-23 08:49:36.033 [ pool-2-thread-1 ] - [ INFO  ] [ com.ex.evil_log.util.AnnotationTask : 31 ] 111- Hello,Aub!   3Q!
2020-12-23 08:49:36.048 [ pool-2-thread-1 ] - [ INFO  ] [ com.ex.evil_log.util.AnnotationTask : 34 ] 111- Fruit:  apple,banana
2020-12-23 08:49:37.017 [ pool-2-thread-1 ] - [ INFO  ] [ com.ex.evil_log.util.AnnotationTask : 19 ] 111- ======info
2020-12-23 08:49:37.017 [ pool-2-thread-1 ] - [ WARN  ] [ com.ex.evil_log.util.AnnotationTask : 20 ] 111- ======warn
2020-12-23 08:49:37.017 [ pool-2-thread-1 ] - [ ERROR ] [ com.ex.evil_log.util.AnnotationTask : 21 ] 111- ======error
2020-12-23 08:49:37.017 [ pool-2-thread-1 ] - [ INFO  ] [ com.ex.evil_log.util.AnnotationTask : 28 ] 111- Hello,Aub!
2020-12-23 08:49:37.017 [ pool-2-thread-1 ] - [ INFO  ] [ com.ex.evil_log.util.AnnotationTask : 31 ] 111- Hello,Aub!   3Q!
2020-12-23 08:49:37.017 [ pool-2-thread-1 ] - [ INFO  ] [ com.ex.evil_log.util.AnnotationTask : 34 ] 111- Fruit:  apple,banana
2020-12-23 08:49:38.018 [ pool-2-thread-1 ] - [ INFO  ] [ com.ex.evil_log.util.AnnotationTask : 19 ] 111- ======info
2020-12-23 08:49:38.018 [ pool-2-thread-1 ] - [ WARN  ] [ com.ex.evil_log.util.AnnotationTask : 20 ] 111- ======warn
2020-12-23 08:49:38.018 [ pool-2-thread-1 ] - [ ERROR ] [ com.ex.evil_log.util.AnnotationTask : 21 ] 111- ======error
2020-12-23 08:49:38.018 [ pool-2-thread-1 ] - [ INFO  ] [ com.ex.evil_log.util.AnnotationTask : 28 ] 111- Hello,Aub!
2020-12-23 08:49:38.018 [ pool-2-thread-1 ] - [ INFO  ] [ com.ex.evil_log.util.AnnotationTask : 31 ] 111- Hello,Aub!   3Q!
2020-12-23 08:49:38.018 [ pool-2-thread-1 ] - [ INFO  ] [ com.ex.evil_log.util.AnnotationTask : 34 ] 111- Fruit:  apple,banana
2020-12-23 08:49:39.002 [ pool-2-thread-1 ] - [ INFO  ] [ com.ex.evil_log.util.AnnotationTask : 19 ] 111- ======info
2020-12-23 08:49:39.002 [ pool-2-thread-1 ] - [ WARN  ] [ com.ex.evil_log.util.AnnotationTask : 20 ] 111- ======warn
2020-12-23 08:49:39.002 [ pool-2-thread-1 ] - [ ERROR ] [ com.ex.evil_log.util.AnnotationTask : 21 ] 111- ======error
2020-12-23 08:49:39.002 [ pool-2-thread-1 ] - [ INFO  ] [ com.ex.evil_log.util.AnnotationTask : 28 ] 111- Hello,Aub!
2020-12-23 08:49:39.002 [ pool-2-thread-1 ] - [ INFO  ] [ com.ex.evil_log.util.AnnotationTask : 31 ] 111- Hello,Aub!   3Q!
2020-12-23 08:49:39.002 [ pool-2-thread-1 ] - [ INFO  ] [ com.ex.evil_log.util.AnnotationTask : 34 ] 111- Fruit:  apple,banana
2020-12-23 08:49:40.018 [ pool-2-thread-1 ] - [ INFO  ] [ com.ex.evil_log.util.AnnotationTask : 19 ] 111- ======info
2020-12-23 08:49:40.018 [ pool-2-thread-1 ] - [ WARN  ] [ com.ex.evil_log.util.AnnotationTask : 20 ] 111- ======warn
2020-12-23 08:49:40.018 [ pool-2-thread-1 ] - [ ERROR ] [ com.ex.evil_log.util.AnnotationTask : 21 ] 111- ======error
2020-12-23 08:49:40.018 [ pool-2-thread-1 ] - [ INFO  ] [ com.ex.evil_log.util.AnnotationTask : 28 ] 111- Hello,Aub!
2020-12-23 08:49:40.018 [ pool-2-thread-1 ] - [ INFO  ] [ com.ex.evil_log.util.AnnotationTask : 31 ] 111- Hello,Aub!   3Q!
2020-12-23 08:49:40.018 [ pool-2-thread-1 ] - [ INFO  ] [ com.ex.evil_log.util.AnnotationTask : 34 ] 111- Fruit:  apple,banana
2020-12-23 08:49:41.018 [ pool-2-thread-1 ] - [ INFO  ] [ com.ex.evil_log.util.AnnotationTask : 19 ] 111- ======info
2020-12-23 08:49:41.018 [ pool-2-thread-1 ] - [ WARN  ] [ com.ex.evil_log.util.AnnotationTask : 20 ] 111- ======warn
2020-12-23 08:49:41.018 [ pool-2-thread-1 ] - [ ERROR ] [ com.ex.evil_log.util.AnnotationTask : 21 ] 111- ======error
2020-12-23 08:49:41.018 [ pool-2-thread-1 ] - [ INFO  ] [ com.ex.evil_log.util.AnnotationTask : 28 ] 111- Hello,Aub!
2020-12-23 08:49:41.018 [ pool-2-thread-1 ] - [ INFO  ] [ com.ex.evil_log.util.AnnotationTask : 31 ] 111- Hello,Aub!   3Q!
2020-12-23 08:49:41.018 [ pool-2-thread-1 ] - [ INFO  ] [ com.ex.evil_log.util.AnnotationTask : 34 ] 111- Fruit:  apple,banana
2020-12-23 08:49:42.018 [ pool-2-thread-1 ] - [ INFO  ] [ com.ex.evil_log.util.AnnotationTask : 19 ] 111- ======info
2020-12-23 08:49:42.018 [ pool-2-thread-1 ] - [ WARN  ] [ com.ex.evil_log.util.AnnotationTask : 20 ] 111- ======warn
2020-12-23 08:49:42.018 [ pool-2-thread-1 ] - [ ERROR ] [ com.ex.evil_log.util.AnnotationTask : 21 ] 111- ======error
2020-12-23 08:49:42.018 [ pool-2-thread-1 ] - [ INFO  ] [ com.ex.evil_log.util.AnnotationTask : 28 ] 111- Hello,Aub!
2020-12-23 08:49:42.018 [ pool-2-thread-1 ] - [ INFO  ] [ com.ex.evil_log.util.AnnotationTask : 31 ] 111- Hello,Aub!   3Q!
2020-12-23 08:49:42.018 [ pool-2-thread-1 ] - [ INFO  ] [ com.ex.evil_log.util.AnnotationTask : 34 ] 111- Fruit:  apple,banana
2020-12-23 08:49:43.003 [ pool-2-thread-1 ] - [ INFO  ] [ com.ex.evil_log.util.AnnotationTask : 19 ] 111- ======info
2020-12-23 08:49:43.003 [ pool-2-thread-1 ] - [ WARN  ] [ com.ex.evil_log.util.AnnotationTask : 20 ] 111- ======warn
2020-12-23 08:49:43.003 [ pool-2-thread-1 ] - [ ERROR ] [ com.ex.evil_log.util.AnnotationTask : 21 ] 111- ======error
2020-12-23 08:49:43.003 [ pool-2-thread-1 ] - [ INFO  ] [ com.ex.evil_log.util.AnnotationTask : 28 ] 111- Hello,Aub!
2020-12-23 08:49:43.003 [ pool-2-thread-1 ] - [ INFO  ] [ com.ex.evil_log.util.AnnotationTask : 31 ] 111- Hello,Aub!   3Q!
2020-12-23 08:49:43.003 [ pool-2-thread-1 ] - [ INFO  ] [ com.ex.evil_log.util.AnnotationTask : 34 ] 111- Fruit:  apple,banana
2020-12-23 08:49:44.002 [ pool-2-thread-1 ] - [ INFO  ] [ com.ex.evil_log.util.AnnotationTask : 19 ] 111- ======info
2020-12-23 08:49:44.002 [ pool-2-thread-1 ] - [ WARN  ] [ com.ex.evil_log.util.AnnotationTask : 20 ] 111- ======warn
2020-12-23 08:49:44.002 [ pool-2-thread-1 ] - [ ERROR ] [ com.ex.evil_log.util.AnnotationTask : 21 ] 111- ======error
2020-12-23 08:49:44.002 [ pool-2-thread-1 ] - [ INFO  ] [ com.ex.evil_log.util.AnnotationTask : 28 ] 111- Hello,Aub!
2020-12-23 08:49:44.002 [ pool-2-thread-1 ] - [ INFO  ] [ com.ex.evil_log.util.AnnotationTask : 31 ] 111- Hello,Aub!   3Q!
2020-12-23 08:49:44.002 [ pool-2-thread-1 ] - [ INFO  ] [ com.ex.evil_log.util.AnnotationTask : 34 ] 111- Fruit:  apple,banana
2020-12-23 08:49:45.018 [ pool-2-thread-1 ] - [ INFO  ] [ com.ex.evil_log.util.AnnotationTask : 19 ] 111- ======info
2020-12-23 08:49:45.018 [ pool-2-thread-1 ] - [ WARN  ] [ com.ex.evil_log.util.AnnotationTask : 20 ] 111- ======warn
2020-12-23 08:49:45.018 [ pool-2-thread-1 ] - [ ERROR ] [ com.ex.evil_log.util.AnnotationTask : 21 ] 111- ======error
2020-12-23 08:49:45.018 [ pool-2-thread-1 ] - [ INFO  ] [ com.ex.evil_log.util.AnnotationTask : 28 ] 111- Hello,Aub!
2020-12-23 08:49:45.018 [ pool-2-thread-1 ] - [ INFO  ] [ com.ex.evil_log.util.AnnotationTask : 31 ] 111- Hello,Aub!   3Q!
2020-12-23 08:49:45.018 [ pool-2-thread-1 ] - [ INFO  ] [ com.ex.evil_log.util.AnnotationTask : 34 ] 111- Fruit:  apple,banana
2020-12-23 08:49:46.019 [ pool-2-thread-1 ] - [ INFO  ] [ com.ex.evil_log.util.AnnotationTask : 19 ] 111- ======info
2020-12-23 08:49:46.019 [ pool-2-thread-1 ] - [ WARN  ] [ com.ex.evil_log.util.AnnotationTask : 20 ] 111- ======warn
2020-12-23 08:49:46.019 [ pool-2-thread-1 ] - [ ERROR ] [ com.ex.evil_log.util.AnnotationTask : 21 ] 111- ======error
2020-12-23 08:49:46.019 [ pool-2-thread-1 ] - [ INFO  ] [ com.ex.evil_log.util.AnnotationTask : 28 ] 111- Hello,Aub!
2020-12-23 08:49:46.019 [ pool-2-thread-1 ] - [ INFO  ] [ com.ex.evil_log.util.AnnotationTask : 31 ] 111- Hello,Aub!   3Q!
2020-12-23 08:49:46.019 [ pool-2-thread-1 ] - [ INFO  ] [ com.ex.evil_log.util.AnnotationTask : 34 ] 111- Fruit:  apple,banana
2020-12-23 10:06:56.498 [ main ] - [ INFO  ] [ o.s.t.c.support.DefaultTestContextBootstrapper : 245 ] 111- Loaded default TestExecutionListener class names from location [META-INF/spring.factories]: [org.springframework.boot.test.mock.mockito.MockitoTestExecutionListener, org.springframework.boot.test.mock.mockito.ResetMocksTestExecutionListener, org.springframework.boot.test.autoconfigure.restdocs.RestDocsTestExecutionListener, org.springframework.boot.test.autoconfigure.web.client.MockRestServiceServerResetTestExecutionListener, org.springframework.boot.test.autoconfigure.web.servlet.MockMvcPrintOnlyOnFailureTestExecutionListener, org.springframework.boot.test.autoconfigure.web.servlet.WebDriverTestExecutionListener, org.springframework.boot.test.autoconfigure.webservices.client.MockWebServiceServerTestExecutionListener, org.springframework.test.context.web.ServletTestExecutionListener, org.springframework.test.context.support.DirtiesContextBeforeModesTestExecutionListener, org.springframework.test.context.support.DependencyInjectionTestExecutionListener, org.springframework.test.context.support.DirtiesContextTestExecutionListener, org.springframework.test.context.transaction.TransactionalTestExecutionListener, org.springframework.test.context.jdbc.SqlScriptsTestExecutionListener, org.springframework.test.context.event.EventPublishingTestExecutionListener]
2020-12-23 10:06:56.513 [ main ] - [ INFO  ] [ o.s.t.c.support.DefaultTestContextBootstrapper : 174 ] 111- Using TestExecutionListeners: [org.springframework.test.context.support.DirtiesContextBeforeModesTestExecutionListener@7692d9cc, org.springframework.boot.test.mock.mockito.MockitoTestExecutionListener@75f32542, org.springframework.test.context.support.DependencyInjectionTestExecutionListener@7f1302d6, org.springframework.test.context.support.DirtiesContextTestExecutionListener@43ee72e6, org.springframework.test.context.event.EventPublishingTestExecutionListener@23529fee, org.springframework.boot.test.mock.mockito.ResetMocksTestExecutionListener@4fe767f3, org.springframework.boot.test.autoconfigure.restdocs.RestDocsTestExecutionListener@2805c96b, org.springframework.boot.test.autoconfigure.web.client.MockRestServiceServerResetTestExecutionListener@184cf7cf, org.springframework.boot.test.autoconfigure.web.servlet.MockMvcPrintOnlyOnFailureTestExecutionListener@2fd6b6c7, org.springframework.boot.test.autoconfigure.web.servlet.WebDriverTestExecutionListener@5bfa9431, org.springframework.boot.test.autoconfigure.webservices.client.MockWebServiceServerTestExecutionListener@5db250b4]
2020-12-23 10:15:29.746 [ main ] - [ INFO  ] [ o.s.t.c.support.DefaultTestContextBootstrapper : 245 ] 111- Loaded default TestExecutionListener class names from location [META-INF/spring.factories]: [org.springframework.boot.test.mock.mockito.MockitoTestExecutionListener, org.springframework.boot.test.mock.mockito.ResetMocksTestExecutionListener, org.springframework.boot.test.autoconfigure.restdocs.RestDocsTestExecutionListener, org.springframework.boot.test.autoconfigure.web.client.MockRestServiceServerResetTestExecutionListener, org.springframework.boot.test.autoconfigure.web.servlet.MockMvcPrintOnlyOnFailureTestExecutionListener, org.springframework.boot.test.autoconfigure.web.servlet.WebDriverTestExecutionListener, org.springframework.boot.test.autoconfigure.webservices.client.MockWebServiceServerTestExecutionListener, org.springframework.test.context.web.ServletTestExecutionListener, org.springframework.test.context.support.DirtiesContextBeforeModesTestExecutionListener, org.springframework.test.context.support.DependencyInjectionTestExecutionListener, org.springframework.test.context.support.DirtiesContextTestExecutionListener, org.springframework.test.context.transaction.TransactionalTestExecutionListener, org.springframework.test.context.jdbc.SqlScriptsTestExecutionListener, org.springframework.test.context.event.EventPublishingTestExecutionListener]
2020-12-23 10:15:29.761 [ main ] - [ INFO  ] [ o.s.t.c.support.DefaultTestContextBootstrapper : 174 ] 111- Using TestExecutionListeners: [org.springframework.test.context.support.DirtiesContextBeforeModesTestExecutionListener@7692d9cc, org.springframework.boot.test.mock.mockito.MockitoTestExecutionListener@75f32542, org.springframework.test.context.support.DependencyInjectionTestExecutionListener@7f1302d6, org.springframework.test.context.support.DirtiesContextTestExecutionListener@43ee72e6, org.springframework.test.context.event.EventPublishingTestExecutionListener@23529fee, org.springframework.boot.test.mock.mockito.ResetMocksTestExecutionListener@4fe767f3, org.springframework.boot.test.autoconfigure.restdocs.RestDocsTestExecutionListener@2805c96b, org.springframework.boot.test.autoconfigure.web.client.MockRestServiceServerResetTestExecutionListener@184cf7cf, org.springframework.boot.test.autoconfigure.web.servlet.MockMvcPrintOnlyOnFailureTestExecutionListener@2fd6b6c7, org.springframework.boot.test.autoconfigure.web.servlet.WebDriverTestExecutionListener@5bfa9431, org.springframework.boot.test.autoconfigure.webservices.client.MockWebServiceServerTestExecutionListener@5db250b4]
2020-12-23 10:18:46.241 [ main ] - [ INFO  ] [ o.s.t.c.support.DefaultTestContextBootstrapper : 245 ] 111- Loaded default TestExecutionListener class names from location [META-INF/spring.factories]: [org.springframework.boot.test.mock.mockito.MockitoTestExecutionListener, org.springframework.boot.test.mock.mockito.ResetMocksTestExecutionListener, org.springframework.boot.test.autoconfigure.restdocs.RestDocsTestExecutionListener, org.springframework.boot.test.autoconfigure.web.client.MockRestServiceServerResetTestExecutionListener, org.springframework.boot.test.autoconfigure.web.servlet.MockMvcPrintOnlyOnFailureTestExecutionListener, org.springframework.boot.test.autoconfigure.web.servlet.WebDriverTestExecutionListener, org.springframework.boot.test.autoconfigure.webservices.client.MockWebServiceServerTestExecutionListener, org.springframework.test.context.web.ServletTestExecutionListener, org.springframework.test.context.support.DirtiesContextBeforeModesTestExecutionListener, org.springframework.test.context.support.DependencyInjectionTestExecutionListener, org.springframework.test.context.support.DirtiesContextTestExecutionListener, org.springframework.test.context.transaction.TransactionalTestExecutionListener, org.springframework.test.context.jdbc.SqlScriptsTestExecutionListener, org.springframework.test.context.event.EventPublishingTestExecutionListener]
2020-12-23 10:18:46.272 [ main ] - [ INFO  ] [ o.s.t.c.support.DefaultTestContextBootstrapper : 174 ] 111- Using TestExecutionListeners: [org.springframework.test.context.support.DirtiesContextBeforeModesTestExecutionListener@75f32542, org.springframework.boot.test.mock.mockito.MockitoTestExecutionListener@7f1302d6, org.springframework.test.context.support.DependencyInjectionTestExecutionListener@43ee72e6, org.springframework.test.context.support.DirtiesContextTestExecutionListener@23529fee, org.springframework.test.context.event.EventPublishingTestExecutionListener@4fe767f3, org.springframework.boot.test.mock.mockito.ResetMocksTestExecutionListener@2805c96b, org.springframework.boot.test.autoconfigure.restdocs.RestDocsTestExecutionListener@184cf7cf, org.springframework.boot.test.autoconfigure.web.client.MockRestServiceServerResetTestExecutionListener@2fd6b6c7, org.springframework.boot.test.autoconfigure.web.servlet.MockMvcPrintOnlyOnFailureTestExecutionListener@5bfa9431, org.springframework.boot.test.autoconfigure.web.servlet.WebDriverTestExecutionListener@5db250b4, org.springframework.boot.test.autoconfigure.webservices.client.MockWebServiceServerTestExecutionListener@223f3642]
2020-12-23 10:19:59.850 [ main ] - [ INFO  ] [ o.s.t.c.support.DefaultTestContextBootstrapper : 245 ] 111- Loaded default TestExecutionListener class names from location [META-INF/spring.factories]: [org.springframework.boot.test.mock.mockito.MockitoTestExecutionListener, org.springframework.boot.test.mock.mockito.ResetMocksTestExecutionListener, org.springframework.boot.test.autoconfigure.restdocs.RestDocsTestExecutionListener, org.springframework.boot.test.autoconfigure.web.client.MockRestServiceServerResetTestExecutionListener, org.springframework.boot.test.autoconfigure.web.servlet.MockMvcPrintOnlyOnFailureTestExecutionListener, org.springframework.boot.test.autoconfigure.web.servlet.WebDriverTestExecutionListener, org.springframework.boot.test.autoconfigure.webservices.client.MockWebServiceServerTestExecutionListener, org.springframework.test.context.web.ServletTestExecutionListener, org.springframework.test.context.support.DirtiesContextBeforeModesTestExecutionListener, org.springframework.test.context.support.DependencyInjectionTestExecutionListener, org.springframework.test.context.support.DirtiesContextTestExecutionListener, org.springframework.test.context.transaction.TransactionalTestExecutionListener, org.springframework.test.context.jdbc.SqlScriptsTestExecutionListener, org.springframework.test.context.event.EventPublishingTestExecutionListener]
2020-12-23 10:19:59.866 [ main ] - [ INFO  ] [ o.s.t.c.support.DefaultTestContextBootstrapper : 174 ] 111- Using TestExecutionListeners: [org.springframework.test.context.support.DirtiesContextBeforeModesTestExecutionListener@75f32542, org.springframework.boot.test.mock.mockito.MockitoTestExecutionListener@7f1302d6, org.springframework.test.context.support.DependencyInjectionTestExecutionListener@43ee72e6, org.springframework.test.context.support.DirtiesContextTestExecutionListener@23529fee, org.springframework.test.context.event.EventPublishingTestExecutionListener@4fe767f3, org.springframework.boot.test.mock.mockito.ResetMocksTestExecutionListener@2805c96b, org.springframework.boot.test.autoconfigure.restdocs.RestDocsTestExecutionListener@184cf7cf, org.springframework.boot.test.autoconfigure.web.client.MockRestServiceServerResetTestExecutionListener@2fd6b6c7, org.springframework.boot.test.autoconfigure.web.servlet.MockMvcPrintOnlyOnFailureTestExecutionListener@5bfa9431, org.springframework.boot.test.autoconfigure.web.servlet.WebDriverTestExecutionListener@5db250b4, org.springframework.boot.test.autoconfigure.webservices.client.MockWebServiceServerTestExecutionListener@223f3642]
2020-12-23 10:23:00.288 [ main ] - [ INFO  ] [ o.s.t.c.support.DefaultTestContextBootstrapper : 245 ] 111- Loaded default TestExecutionListener class names from location [META-INF/spring.factories]: [org.springframework.boot.test.mock.mockito.MockitoTestExecutionListener, org.springframework.boot.test.mock.mockito.ResetMocksTestExecutionListener, org.springframework.boot.test.autoconfigure.restdocs.RestDocsTestExecutionListener, org.springframework.boot.test.autoconfigure.web.client.MockRestServiceServerResetTestExecutionListener, org.springframework.boot.test.autoconfigure.web.servlet.MockMvcPrintOnlyOnFailureTestExecutionListener, org.springframework.boot.test.autoconfigure.web.servlet.WebDriverTestExecutionListener, org.springframework.boot.test.autoconfigure.webservices.client.MockWebServiceServerTestExecutionListener, org.springframework.test.context.web.ServletTestExecutionListener, org.springframework.test.context.support.DirtiesContextBeforeModesTestExecutionListener, org.springframework.test.context.support.DependencyInjectionTestExecutionListener, org.springframework.test.context.support.DirtiesContextTestExecutionListener, org.springframework.test.context.transaction.TransactionalTestExecutionListener, org.springframework.test.context.jdbc.SqlScriptsTestExecutionListener, org.springframework.test.context.event.EventPublishingTestExecutionListener]
2020-12-23 10:23:00.304 [ main ] - [ INFO  ] [ o.s.t.c.support.DefaultTestContextBootstrapper : 174 ] 111- Using TestExecutionListeners: [org.springframework.test.context.support.DirtiesContextBeforeModesTestExecutionListener@7692d9cc, org.springframework.boot.test.mock.mockito.MockitoTestExecutionListener@75f32542, org.springframework.test.context.support.DependencyInjectionTestExecutionListener@7f1302d6, org.springframework.test.context.support.DirtiesContextTestExecutionListener@43ee72e6, org.springframework.test.context.event.EventPublishingTestExecutionListener@23529fee, org.springframework.boot.test.mock.mockito.ResetMocksTestExecutionListener@4fe767f3, org.springframework.boot.test.autoconfigure.restdocs.RestDocsTestExecutionListener@2805c96b, org.springframework.boot.test.autoconfigure.web.client.MockRestServiceServerResetTestExecutionListener@184cf7cf, org.springframework.boot.test.autoconfigure.web.servlet.MockMvcPrintOnlyOnFailureTestExecutionListener@2fd6b6c7, org.springframework.boot.test.autoconfigure.web.servlet.WebDriverTestExecutionListener@5bfa9431, org.springframework.boot.test.autoconfigure.webservices.client.MockWebServiceServerTestExecutionListener@5db250b4]
2020-12-23 10:25:34.470 [ main ] - [ INFO  ] [ o.s.t.c.support.DefaultTestContextBootstrapper : 245 ] 111- Loaded default TestExecutionListener class names from location [META-INF/spring.factories]: [org.springframework.boot.test.mock.mockito.MockitoTestExecutionListener, org.springframework.boot.test.mock.mockito.ResetMocksTestExecutionListener, org.springframework.boot.test.autoconfigure.restdocs.RestDocsTestExecutionListener, org.springframework.boot.test.autoconfigure.web.client.MockRestServiceServerResetTestExecutionListener, org.springframework.boot.test.autoconfigure.web.servlet.MockMvcPrintOnlyOnFailureTestExecutionListener, org.springframework.boot.test.autoconfigure.web.servlet.WebDriverTestExecutionListener, org.springframework.boot.test.autoconfigure.webservices.client.MockWebServiceServerTestExecutionListener, org.springframework.test.context.web.ServletTestExecutionListener, org.springframework.test.context.support.DirtiesContextBeforeModesTestExecutionListener, org.springframework.test.context.support.DependencyInjectionTestExecutionListener, org.springframework.test.context.support.DirtiesContextTestExecutionListener, org.springframework.test.context.transaction.TransactionalTestExecutionListener, org.springframework.test.context.jdbc.SqlScriptsTestExecutionListener, org.springframework.test.context.event.EventPublishingTestExecutionListener]
2020-12-23 10:25:34.486 [ main ] - [ INFO  ] [ o.s.t.c.support.DefaultTestContextBootstrapper : 174 ] 111- Using TestExecutionListeners: [org.springframework.test.context.support.DirtiesContextBeforeModesTestExecutionListener@7692d9cc, org.springframework.boot.test.mock.mockito.MockitoTestExecutionListener@75f32542, org.springframework.test.context.support.DependencyInjectionTestExecutionListener@7f1302d6, org.springframework.test.context.support.DirtiesContextTestExecutionListener@43ee72e6, org.springframework.test.context.event.EventPublishingTestExecutionListener@23529fee, org.springframework.boot.test.mock.mockito.ResetMocksTestExecutionListener@4fe767f3, org.springframework.boot.test.autoconfigure.restdocs.RestDocsTestExecutionListener@2805c96b, org.springframework.boot.test.autoconfigure.web.client.MockRestServiceServerResetTestExecutionListener@184cf7cf, org.springframework.boot.test.autoconfigure.web.servlet.MockMvcPrintOnlyOnFailureTestExecutionListener@2fd6b6c7, org.springframework.boot.test.autoconfigure.web.servlet.WebDriverTestExecutionListener@5bfa9431, org.springframework.boot.test.autoconfigure.webservices.client.MockWebServiceServerTestExecutionListener@5db250b4]
2020-12-23 10:27:37.372 [ main ] - [ INFO  ] [ o.s.t.c.support.DefaultTestContextBootstrapper : 245 ] 111- Loaded default TestExecutionListener class names from location [META-INF/spring.factories]: [org.springframework.boot.test.mock.mockito.MockitoTestExecutionListener, org.springframework.boot.test.mock.mockito.ResetMocksTestExecutionListener, org.springframework.boot.test.autoconfigure.restdocs.RestDocsTestExecutionListener, org.springframework.boot.test.autoconfigure.web.client.MockRestServiceServerResetTestExecutionListener, org.springframework.boot.test.autoconfigure.web.servlet.MockMvcPrintOnlyOnFailureTestExecutionListener, org.springframework.boot.test.autoconfigure.web.servlet.WebDriverTestExecutionListener, org.springframework.boot.test.autoconfigure.webservices.client.MockWebServiceServerTestExecutionListener, org.springframework.test.context.web.ServletTestExecutionListener, org.springframework.test.context.support.DirtiesContextBeforeModesTestExecutionListener, org.springframework.test.context.support.DependencyInjectionTestExecutionListener, org.springframework.test.context.support.DirtiesContextTestExecutionListener, org.springframework.test.context.transaction.TransactionalTestExecutionListener, org.springframework.test.context.jdbc.SqlScriptsTestExecutionListener, org.springframework.test.context.event.EventPublishingTestExecutionListener]
2020-12-23 10:27:37.403 [ main ] - [ INFO  ] [ o.s.t.c.support.DefaultTestContextBootstrapper : 174 ] 111- Using TestExecutionListeners: [org.springframework.test.context.support.DirtiesContextBeforeModesTestExecutionListener@7692d9cc, org.springframework.boot.test.mock.mockito.MockitoTestExecutionListener@75f32542, org.springframework.test.context.support.DependencyInjectionTestExecutionListener@7f1302d6, org.springframework.test.context.support.DirtiesContextTestExecutionListener@43ee72e6, org.springframework.test.context.event.EventPublishingTestExecutionListener@23529fee, org.springframework.boot.test.mock.mockito.ResetMocksTestExecutionListener@4fe767f3, org.springframework.boot.test.autoconfigure.restdocs.RestDocsTestExecutionListener@2805c96b, org.springframework.boot.test.autoconfigure.web.client.MockRestServiceServerResetTestExecutionListener@184cf7cf, org.springframework.boot.test.autoconfigure.web.servlet.MockMvcPrintOnlyOnFailureTestExecutionListener@2fd6b6c7, org.springframework.boot.test.autoconfigure.web.servlet.WebDriverTestExecutionListener@5bfa9431, org.springframework.boot.test.autoconfigure.webservices.client.MockWebServiceServerTestExecutionListener@5db250b4]
2020-12-23 10:28:58.618 [ main ] - [ INFO  ] [ o.s.t.c.support.DefaultTestContextBootstrapper : 245 ] 111- Loaded default TestExecutionListener class names from location [META-INF/spring.factories]: [org.springframework.boot.test.mock.mockito.MockitoTestExecutionListener, org.springframework.boot.test.mock.mockito.ResetMocksTestExecutionListener, org.springframework.boot.test.autoconfigure.restdocs.RestDocsTestExecutionListener, org.springframework.boot.test.autoconfigure.web.client.MockRestServiceServerResetTestExecutionListener, org.springframework.boot.test.autoconfigure.web.servlet.MockMvcPrintOnlyOnFailureTestExecutionListener, org.springframework.boot.test.autoconfigure.web.servlet.WebDriverTestExecutionListener, org.springframework.boot.test.autoconfigure.webservices.client.MockWebServiceServerTestExecutionListener, org.springframework.test.context.web.ServletTestExecutionListener, org.springframework.test.context.support.DirtiesContextBeforeModesTestExecutionListener, org.springframework.test.context.support.DependencyInjectionTestExecutionListener, org.springframework.test.context.support.DirtiesContextTestExecutionListener, org.springframework.test.context.transaction.TransactionalTestExecutionListener, org.springframework.test.context.jdbc.SqlScriptsTestExecutionListener, org.springframework.test.context.event.EventPublishingTestExecutionListener]
2020-12-23 10:28:58.633 [ main ] - [ INFO  ] [ o.s.t.c.support.DefaultTestContextBootstrapper : 174 ] 111- Using TestExecutionListeners: [org.springframework.test.context.support.DirtiesContextBeforeModesTestExecutionListener@7692d9cc, org.springframework.boot.test.mock.mockito.MockitoTestExecutionListener@75f32542, org.springframework.test.context.support.DependencyInjectionTestExecutionListener@7f1302d6, org.springframework.test.context.support.DirtiesContextTestExecutionListener@43ee72e6, org.springframework.test.context.event.EventPublishingTestExecutionListener@23529fee, org.springframework.boot.test.mock.mockito.ResetMocksTestExecutionListener@4fe767f3, org.springframework.boot.test.autoconfigure.restdocs.RestDocsTestExecutionListener@2805c96b, org.springframework.boot.test.autoconfigure.web.client.MockRestServiceServerResetTestExecutionListener@184cf7cf, org.springframework.boot.test.autoconfigure.web.servlet.MockMvcPrintOnlyOnFailureTestExecutionListener@2fd6b6c7, org.springframework.boot.test.autoconfigure.web.servlet.WebDriverTestExecutionListener@5bfa9431, org.springframework.boot.test.autoconfigure.webservices.client.MockWebServiceServerTestExecutionListener@5db250b4]
2020-12-23 10:29:15.108 [ main ] - [ INFO  ] [ o.s.t.c.support.DefaultTestContextBootstrapper : 245 ] 111- Loaded default TestExecutionListener class names from location [META-INF/spring.factories]: [org.springframework.boot.test.mock.mockito.MockitoTestExecutionListener, org.springframework.boot.test.mock.mockito.ResetMocksTestExecutionListener, org.springframework.boot.test.autoconfigure.restdocs.RestDocsTestExecutionListener, org.springframework.boot.test.autoconfigure.web.client.MockRestServiceServerResetTestExecutionListener, org.springframework.boot.test.autoconfigure.web.servlet.MockMvcPrintOnlyOnFailureTestExecutionListener, org.springframework.boot.test.autoconfigure.web.servlet.WebDriverTestExecutionListener, org.springframework.boot.test.autoconfigure.webservices.client.MockWebServiceServerTestExecutionListener, org.springframework.test.context.web.ServletTestExecutionListener, org.springframework.test.context.support.DirtiesContextBeforeModesTestExecutionListener, org.springframework.test.context.support.DependencyInjectionTestExecutionListener, org.springframework.test.context.support.DirtiesContextTestExecutionListener, org.springframework.test.context.transaction.TransactionalTestExecutionListener, org.springframework.test.context.jdbc.SqlScriptsTestExecutionListener, org.springframework.test.context.event.EventPublishingTestExecutionListener]
2020-12-23 10:29:15.123 [ main ] - [ INFO  ] [ o.s.t.c.support.DefaultTestContextBootstrapper : 174 ] 111- Using TestExecutionListeners: [org.springframework.test.context.support.DirtiesContextBeforeModesTestExecutionListener@7692d9cc, org.springframework.boot.test.mock.mockito.MockitoTestExecutionListener@75f32542, org.springframework.test.context.support.DependencyInjectionTestExecutionListener@7f1302d6, org.springframework.test.context.support.DirtiesContextTestExecutionListener@43ee72e6, org.springframework.test.context.event.EventPublishingTestExecutionListener@23529fee, org.springframework.boot.test.mock.mockito.ResetMocksTestExecutionListener@4fe767f3, org.springframework.boot.test.autoconfigure.restdocs.RestDocsTestExecutionListener@2805c96b, org.springframework.boot.test.autoconfigure.web.client.MockRestServiceServerResetTestExecutionListener@184cf7cf, org.springframework.boot.test.autoconfigure.web.servlet.MockMvcPrintOnlyOnFailureTestExecutionListener@2fd6b6c7, org.springframework.boot.test.autoconfigure.web.servlet.WebDriverTestExecutionListener@5bfa9431, org.springframework.boot.test.autoconfigure.webservices.client.MockWebServiceServerTestExecutionListener@5db250b4]
2020-12-23 11:04:22.068 [ main ] - [ INFO  ] [ o.s.t.c.support.DefaultTestContextBootstrapper : 245 ] 111- Loaded default TestExecutionListener class names from location [META-INF/spring.factories]: [org.springframework.boot.test.mock.mockito.MockitoTestExecutionListener, org.springframework.boot.test.mock.mockito.ResetMocksTestExecutionListener, org.springframework.boot.test.autoconfigure.restdocs.RestDocsTestExecutionListener, org.springframework.boot.test.autoconfigure.web.client.MockRestServiceServerResetTestExecutionListener, org.springframework.boot.test.autoconfigure.web.servlet.MockMvcPrintOnlyOnFailureTestExecutionListener, org.springframework.boot.test.autoconfigure.web.servlet.WebDriverTestExecutionListener, org.springframework.boot.test.autoconfigure.webservices.client.MockWebServiceServerTestExecutionListener, org.springframework.test.context.web.ServletTestExecutionListener, org.springframework.test.context.support.DirtiesContextBeforeModesTestExecutionListener, org.springframework.test.context.support.DependencyInjectionTestExecutionListener, org.springframework.test.context.support.DirtiesContextTestExecutionListener, org.springframework.test.context.transaction.TransactionalTestExecutionListener, org.springframework.test.context.jdbc.SqlScriptsTestExecutionListener, org.springframework.test.context.event.EventPublishingTestExecutionListener]
2020-12-23 11:04:22.086 [ main ] - [ INFO  ] [ o.s.t.c.support.DefaultTestContextBootstrapper : 174 ] 111- Using TestExecutionListeners: [org.springframework.test.context.support.DirtiesContextBeforeModesTestExecutionListener@7692d9cc, org.springframework.boot.test.mock.mockito.MockitoTestExecutionListener@75f32542, org.springframework.test.context.support.DependencyInjectionTestExecutionListener@7f1302d6, org.springframework.test.context.support.DirtiesContextTestExecutionListener@43ee72e6, org.springframework.test.context.event.EventPublishingTestExecutionListener@23529fee, org.springframework.boot.test.mock.mockito.ResetMocksTestExecutionListener@4fe767f3, org.springframework.boot.test.autoconfigure.restdocs.RestDocsTestExecutionListener@2805c96b, org.springframework.boot.test.autoconfigure.web.client.MockRestServiceServerResetTestExecutionListener@184cf7cf, org.springframework.boot.test.autoconfigure.web.servlet.MockMvcPrintOnlyOnFailureTestExecutionListener@2fd6b6c7, org.springframework.boot.test.autoconfigure.web.servlet.WebDriverTestExecutionListener@5bfa9431, org.springframework.boot.test.autoconfigure.webservices.client.MockWebServiceServerTestExecutionListener@5db250b4]
2020-12-23 11:04:42.232 [ main ] - [ INFO  ] [ o.s.t.c.support.DefaultTestContextBootstrapper : 245 ] 111- Loaded default TestExecutionListener class names from location [META-INF/spring.factories]: [org.springframework.boot.test.mock.mockito.MockitoTestExecutionListener, org.springframework.boot.test.mock.mockito.ResetMocksTestExecutionListener, org.springframework.boot.test.autoconfigure.restdocs.RestDocsTestExecutionListener, org.springframework.boot.test.autoconfigure.web.client.MockRestServiceServerResetTestExecutionListener, org.springframework.boot.test.autoconfigure.web.servlet.MockMvcPrintOnlyOnFailureTestExecutionListener, org.springframework.boot.test.autoconfigure.web.servlet.WebDriverTestExecutionListener, org.springframework.boot.test.autoconfigure.webservices.client.MockWebServiceServerTestExecutionListener, org.springframework.test.context.web.ServletTestExecutionListener, org.springframework.test.context.support.DirtiesContextBeforeModesTestExecutionListener, org.springframework.test.context.support.DependencyInjectionTestExecutionListener, org.springframework.test.context.support.DirtiesContextTestExecutionListener, org.springframework.test.context.transaction.TransactionalTestExecutionListener, org.springframework.test.context.jdbc.SqlScriptsTestExecutionListener, org.springframework.test.context.event.EventPublishingTestExecutionListener]
2020-12-23 11:04:42.256 [ main ] - [ INFO  ] [ o.s.t.c.support.DefaultTestContextBootstrapper : 174 ] 111- Using TestExecutionListeners: [org.springframework.test.context.support.DirtiesContextBeforeModesTestExecutionListener@7692d9cc, org.springframework.boot.test.mock.mockito.MockitoTestExecutionListener@75f32542, org.springframework.test.context.support.DependencyInjectionTestExecutionListener@7f1302d6, org.springframework.test.context.support.DirtiesContextTestExecutionListener@43ee72e6, org.springframework.test.context.event.EventPublishingTestExecutionListener@23529fee, org.springframework.boot.test.mock.mockito.ResetMocksTestExecutionListener@4fe767f3, org.springframework.boot.test.autoconfigure.restdocs.RestDocsTestExecutionListener@2805c96b, org.springframework.boot.test.autoconfigure.web.client.MockRestServiceServerResetTestExecutionListener@184cf7cf, org.springframework.boot.test.autoconfigure.web.servlet.MockMvcPrintOnlyOnFailureTestExecutionListener@2fd6b6c7, org.springframework.boot.test.autoconfigure.web.servlet.WebDriverTestExecutionListener@5bfa9431, org.springframework.boot.test.autoconfigure.webservices.client.MockWebServiceServerTestExecutionListener@5db250b4]
2020-12-23 11:07:32.986 [ main ] - [ INFO  ] [ o.s.t.c.support.DefaultTestContextBootstrapper : 245 ] 111- Loaded default TestExecutionListener class names from location [META-INF/spring.factories]: [org.springframework.boot.test.mock.mockito.MockitoTestExecutionListener, org.springframework.boot.test.mock.mockito.ResetMocksTestExecutionListener, org.springframework.boot.test.autoconfigure.restdocs.RestDocsTestExecutionListener, org.springframework.boot.test.autoconfigure.web.client.MockRestServiceServerResetTestExecutionListener, org.springframework.boot.test.autoconfigure.web.servlet.MockMvcPrintOnlyOnFailureTestExecutionListener, org.springframework.boot.test.autoconfigure.web.servlet.WebDriverTestExecutionListener, org.springframework.boot.test.autoconfigure.webservices.client.MockWebServiceServerTestExecutionListener, org.springframework.test.context.web.ServletTestExecutionListener, org.springframework.test.context.support.DirtiesContextBeforeModesTestExecutionListener, org.springframework.test.context.support.DependencyInjectionTestExecutionListener, org.springframework.test.context.support.DirtiesContextTestExecutionListener, org.springframework.test.context.transaction.TransactionalTestExecutionListener, org.springframework.test.context.jdbc.SqlScriptsTestExecutionListener, org.springframework.test.context.event.EventPublishingTestExecutionListener]
2020-12-23 11:07:33.049 [ main ] - [ INFO  ] [ o.s.t.c.support.DefaultTestContextBootstrapper : 174 ] 111- Using TestExecutionListeners: [org.springframework.test.context.support.DirtiesContextBeforeModesTestExecutionListener@7692d9cc, org.springframework.boot.test.mock.mockito.MockitoTestExecutionListener@75f32542, org.springframework.test.context.support.DependencyInjectionTestExecutionListener@7f1302d6, org.springframework.test.context.support.DirtiesContextTestExecutionListener@43ee72e6, org.springframework.test.context.event.EventPublishingTestExecutionListener@23529fee, org.springframework.boot.test.mock.mockito.ResetMocksTestExecutionListener@4fe767f3, org.springframework.boot.test.autoconfigure.restdocs.RestDocsTestExecutionListener@2805c96b, org.springframework.boot.test.autoconfigure.web.client.MockRestServiceServerResetTestExecutionListener@184cf7cf, org.springframework.boot.test.autoconfigure.web.servlet.MockMvcPrintOnlyOnFailureTestExecutionListener@2fd6b6c7, org.springframework.boot.test.autoconfigure.web.servlet.WebDriverTestExecutionListener@5bfa9431, org.springframework.boot.test.autoconfigure.webservices.client.MockWebServiceServerTestExecutionListener@5db250b4]
2020-12-23 11:09:16.973 [ main ] - [ INFO  ] [ o.s.t.c.support.DefaultTestContextBootstrapper : 245 ] 111- Loaded default TestExecutionListener class names from location [META-INF/spring.factories]: [org.springframework.boot.test.mock.mockito.MockitoTestExecutionListener, org.springframework.boot.test.mock.mockito.ResetMocksTestExecutionListener, org.springframework.boot.test.autoconfigure.restdocs.RestDocsTestExecutionListener, org.springframework.boot.test.autoconfigure.web.client.MockRestServiceServerResetTestExecutionListener, org.springframework.boot.test.autoconfigure.web.servlet.MockMvcPrintOnlyOnFailureTestExecutionListener, org.springframework.boot.test.autoconfigure.web.servlet.WebDriverTestExecutionListener, org.springframework.boot.test.autoconfigure.webservices.client.MockWebServiceServerTestExecutionListener, org.springframework.test.context.web.ServletTestExecutionListener, org.springframework.test.context.support.DirtiesContextBeforeModesTestExecutionListener, org.springframework.test.context.support.DependencyInjectionTestExecutionListener, org.springframework.test.context.support.DirtiesContextTestExecutionListener, org.springframework.test.context.transaction.TransactionalTestExecutionListener, org.springframework.test.context.jdbc.SqlScriptsTestExecutionListener, org.springframework.test.context.event.EventPublishingTestExecutionListener]
2020-12-23 11:09:17.040 [ main ] - [ INFO  ] [ o.s.t.c.support.DefaultTestContextBootstrapper : 174 ] 111- Using TestExecutionListeners: [org.springframework.test.context.support.DirtiesContextBeforeModesTestExecutionListener@7692d9cc, org.springframework.boot.test.mock.mockito.MockitoTestExecutionListener@75f32542, org.springframework.test.context.support.DependencyInjectionTestExecutionListener@7f1302d6, org.springframework.test.context.support.DirtiesContextTestExecutionListener@43ee72e6, org.springframework.test.context.event.EventPublishingTestExecutionListener@23529fee, org.springframework.boot.test.mock.mockito.ResetMocksTestExecutionListener@4fe767f3, org.springframework.boot.test.autoconfigure.restdocs.RestDocsTestExecutionListener@2805c96b, org.springframework.boot.test.autoconfigure.web.client.MockRestServiceServerResetTestExecutionListener@184cf7cf, org.springframework.boot.test.autoconfigure.web.servlet.MockMvcPrintOnlyOnFailureTestExecutionListener@2fd6b6c7, org.springframework.boot.test.autoconfigure.web.servlet.WebDriverTestExecutionListener@5bfa9431, org.springframework.boot.test.autoconfigure.webservices.client.MockWebServiceServerTestExecutionListener@5db250b4]
2020-12-23 11:12:16.665 [ main ] - [ INFO  ] [ o.s.t.c.support.DefaultTestContextBootstrapper : 245 ] 111- Loaded default TestExecutionListener class names from location [META-INF/spring.factories]: [org.springframework.boot.test.mock.mockito.MockitoTestExecutionListener, org.springframework.boot.test.mock.mockito.ResetMocksTestExecutionListener, org.springframework.boot.test.autoconfigure.restdocs.RestDocsTestExecutionListener, org.springframework.boot.test.autoconfigure.web.client.MockRestServiceServerResetTestExecutionListener, org.springframework.boot.test.autoconfigure.web.servlet.MockMvcPrintOnlyOnFailureTestExecutionListener, org.springframework.boot.test.autoconfigure.web.servlet.WebDriverTestExecutionListener, org.springframework.boot.test.autoconfigure.webservices.client.MockWebServiceServerTestExecutionListener, org.springframework.test.context.web.ServletTestExecutionListener, org.springframework.test.context.support.DirtiesContextBeforeModesTestExecutionListener, org.springframework.test.context.support.DependencyInjectionTestExecutionListener, org.springframework.test.context.support.DirtiesContextTestExecutionListener, org.springframework.test.context.transaction.TransactionalTestExecutionListener, org.springframework.test.context.jdbc.SqlScriptsTestExecutionListener, org.springframework.test.context.event.EventPublishingTestExecutionListener]
2020-12-23 11:12:16.679 [ main ] - [ INFO  ] [ o.s.t.c.support.DefaultTestContextBootstrapper : 174 ] 111- Using TestExecutionListeners: [org.springframework.test.context.support.DirtiesContextBeforeModesTestExecutionListener@7692d9cc, org.springframework.boot.test.mock.mockito.MockitoTestExecutionListener@75f32542, org.springframework.test.context.support.DependencyInjectionTestExecutionListener@7f1302d6, org.springframework.test.context.support.DirtiesContextTestExecutionListener@43ee72e6, org.springframework.test.context.event.EventPublishingTestExecutionListener@23529fee, org.springframework.boot.test.mock.mockito.ResetMocksTestExecutionListener@4fe767f3, org.springframework.boot.test.autoconfigure.restdocs.RestDocsTestExecutionListener@2805c96b, org.springframework.boot.test.autoconfigure.web.client.MockRestServiceServerResetTestExecutionListener@184cf7cf, org.springframework.boot.test.autoconfigure.web.servlet.MockMvcPrintOnlyOnFailureTestExecutionListener@2fd6b6c7, org.springframework.boot.test.autoconfigure.web.servlet.WebDriverTestExecutionListener@5bfa9431, org.springframework.boot.test.autoconfigure.webservices.client.MockWebServiceServerTestExecutionListener@5db250b4]
2020-12-23 11:13:18.100 [ main ] - [ INFO  ] [ o.s.t.c.support.DefaultTestContextBootstrapper : 245 ] 111- Loaded default TestExecutionListener class names from location [META-INF/spring.factories]: [org.springframework.boot.test.mock.mockito.MockitoTestExecutionListener, org.springframework.boot.test.mock.mockito.ResetMocksTestExecutionListener, org.springframework.boot.test.autoconfigure.restdocs.RestDocsTestExecutionListener, org.springframework.boot.test.autoconfigure.web.client.MockRestServiceServerResetTestExecutionListener, org.springframework.boot.test.autoconfigure.web.servlet.MockMvcPrintOnlyOnFailureTestExecutionListener, org.springframework.boot.test.autoconfigure.web.servlet.WebDriverTestExecutionListener, org.springframework.boot.test.autoconfigure.webservices.client.MockWebServiceServerTestExecutionListener, org.springframework.test.context.web.ServletTestExecutionListener, org.springframework.test.context.support.DirtiesContextBeforeModesTestExecutionListener, org.springframework.test.context.support.DependencyInjectionTestExecutionListener, org.springframework.test.context.support.DirtiesContextTestExecutionListener, org.springframework.test.context.transaction.TransactionalTestExecutionListener, org.springframework.test.context.jdbc.SqlScriptsTestExecutionListener, org.springframework.test.context.event.EventPublishingTestExecutionListener]
2020-12-23 11:13:18.115 [ main ] - [ INFO  ] [ o.s.t.c.support.DefaultTestContextBootstrapper : 174 ] 111- Using TestExecutionListeners: [org.springframework.test.context.support.DirtiesContextBeforeModesTestExecutionListener@7692d9cc, org.springframework.boot.test.mock.mockito.MockitoTestExecutionListener@75f32542, org.springframework.test.context.support.DependencyInjectionTestExecutionListener@7f1302d6, org.springframework.test.context.support.DirtiesContextTestExecutionListener@43ee72e6, org.springframework.test.context.event.EventPublishingTestExecutionListener@23529fee, org.springframework.boot.test.mock.mockito.ResetMocksTestExecutionListener@4fe767f3, org.springframework.boot.test.autoconfigure.restdocs.RestDocsTestExecutionListener@2805c96b, org.springframework.boot.test.autoconfigure.web.client.MockRestServiceServerResetTestExecutionListener@184cf7cf, org.springframework.boot.test.autoconfigure.web.servlet.MockMvcPrintOnlyOnFailureTestExecutionListener@2fd6b6c7, org.springframework.boot.test.autoconfigure.web.servlet.WebDriverTestExecutionListener@5bfa9431, org.springframework.boot.test.autoconfigure.webservices.client.MockWebServiceServerTestExecutionListener@5db250b4]
2020-12-23 11:14:15.421 [ main ] - [ INFO  ] [ o.s.t.c.support.DefaultTestContextBootstrapper : 245 ] 111- Loaded default TestExecutionListener class names from location [META-INF/spring.factories]: [org.springframework.boot.test.mock.mockito.MockitoTestExecutionListener, org.springframework.boot.test.mock.mockito.ResetMocksTestExecutionListener, org.springframework.boot.test.autoconfigure.restdocs.RestDocsTestExecutionListener, org.springframework.boot.test.autoconfigure.web.client.MockRestServiceServerResetTestExecutionListener, org.springframework.boot.test.autoconfigure.web.servlet.MockMvcPrintOnlyOnFailureTestExecutionListener, org.springframework.boot.test.autoconfigure.web.servlet.WebDriverTestExecutionListener, org.springframework.boot.test.autoconfigure.webservices.client.MockWebServiceServerTestExecutionListener, org.springframework.test.context.web.ServletTestExecutionListener, org.springframework.test.context.support.DirtiesContextBeforeModesTestExecutionListener, org.springframework.test.context.support.DependencyInjectionTestExecutionListener, org.springframework.test.context.support.DirtiesContextTestExecutionListener, org.springframework.test.context.transaction.TransactionalTestExecutionListener, org.springframework.test.context.jdbc.SqlScriptsTestExecutionListener, org.springframework.test.context.event.EventPublishingTestExecutionListener]
2020-12-23 11:14:15.445 [ main ] - [ INFO  ] [ o.s.t.c.support.DefaultTestContextBootstrapper : 174 ] 111- Using TestExecutionListeners: [org.springframework.test.context.support.DirtiesContextBeforeModesTestExecutionListener@7692d9cc, org.springframework.boot.test.mock.mockito.MockitoTestExecutionListener@75f32542, org.springframework.test.context.support.DependencyInjectionTestExecutionListener@7f1302d6, org.springframework.test.context.support.DirtiesContextTestExecutionListener@43ee72e6, org.springframework.test.context.event.EventPublishingTestExecutionListener@23529fee, org.springframework.boot.test.mock.mockito.ResetMocksTestExecutionListener@4fe767f3, org.springframework.boot.test.autoconfigure.restdocs.RestDocsTestExecutionListener@2805c96b, org.springframework.boot.test.autoconfigure.web.client.MockRestServiceServerResetTestExecutionListener@184cf7cf, org.springframework.boot.test.autoconfigure.web.servlet.MockMvcPrintOnlyOnFailureTestExecutionListener@2fd6b6c7, org.springframework.boot.test.autoconfigure.web.servlet.WebDriverTestExecutionListener@5bfa9431, org.springframework.boot.test.autoconfigure.webservices.client.MockWebServiceServerTestExecutionListener@5db250b4]
2020-12-23 11:14:42.596 [ main ] - [ INFO  ] [ o.s.t.c.support.DefaultTestContextBootstrapper : 245 ] 111- Loaded default TestExecutionListener class names from location [META-INF/spring.factories]: [org.springframework.boot.test.mock.mockito.MockitoTestExecutionListener, org.springframework.boot.test.mock.mockito.ResetMocksTestExecutionListener, org.springframework.boot.test.autoconfigure.restdocs.RestDocsTestExecutionListener, org.springframework.boot.test.autoconfigure.web.client.MockRestServiceServerResetTestExecutionListener, org.springframework.boot.test.autoconfigure.web.servlet.MockMvcPrintOnlyOnFailureTestExecutionListener, org.springframework.boot.test.autoconfigure.web.servlet.WebDriverTestExecutionListener, org.springframework.boot.test.autoconfigure.webservices.client.MockWebServiceServerTestExecutionListener, org.springframework.test.context.web.ServletTestExecutionListener, org.springframework.test.context.support.DirtiesContextBeforeModesTestExecutionListener, org.springframework.test.context.support.DependencyInjectionTestExecutionListener, org.springframework.test.context.support.DirtiesContextTestExecutionListener, org.springframework.test.context.transaction.TransactionalTestExecutionListener, org.springframework.test.context.jdbc.SqlScriptsTestExecutionListener, org.springframework.test.context.event.EventPublishingTestExecutionListener]
2020-12-23 11:14:42.632 [ main ] - [ INFO  ] [ o.s.t.c.support.DefaultTestContextBootstrapper : 174 ] 111- Using TestExecutionListeners: [org.springframework.test.context.support.DirtiesContextBeforeModesTestExecutionListener@7692d9cc, org.springframework.boot.test.mock.mockito.MockitoTestExecutionListener@75f32542, org.springframework.test.context.support.DependencyInjectionTestExecutionListener@7f1302d6, org.springframework.test.context.support.DirtiesContextTestExecutionListener@43ee72e6, org.springframework.test.context.event.EventPublishingTestExecutionListener@23529fee, org.springframework.boot.test.mock.mockito.ResetMocksTestExecutionListener@4fe767f3, org.springframework.boot.test.autoconfigure.restdocs.RestDocsTestExecutionListener@2805c96b, org.springframework.boot.test.autoconfigure.web.client.MockRestServiceServerResetTestExecutionListener@184cf7cf, org.springframework.boot.test.autoconfigure.web.servlet.MockMvcPrintOnlyOnFailureTestExecutionListener@2fd6b6c7, org.springframework.boot.test.autoconfigure.web.servlet.WebDriverTestExecutionListener@5bfa9431, org.springframework.boot.test.autoconfigure.webservices.client.MockWebServiceServerTestExecutionListener@5db250b4]
2020-12-23 11:14:52.321 [ main ] - [ INFO  ] [ o.s.t.c.support.DefaultTestContextBootstrapper : 245 ] 111- Loaded default TestExecutionListener class names from location [META-INF/spring.factories]: [org.springframework.boot.test.mock.mockito.MockitoTestExecutionListener, org.springframework.boot.test.mock.mockito.ResetMocksTestExecutionListener, org.springframework.boot.test.autoconfigure.restdocs.RestDocsTestExecutionListener, org.springframework.boot.test.autoconfigure.web.client.MockRestServiceServerResetTestExecutionListener, org.springframework.boot.test.autoconfigure.web.servlet.MockMvcPrintOnlyOnFailureTestExecutionListener, org.springframework.boot.test.autoconfigure.web.servlet.WebDriverTestExecutionListener, org.springframework.boot.test.autoconfigure.webservices.client.MockWebServiceServerTestExecutionListener, org.springframework.test.context.web.ServletTestExecutionListener, org.springframework.test.context.support.DirtiesContextBeforeModesTestExecutionListener, org.springframework.test.context.support.DependencyInjectionTestExecutionListener, org.springframework.test.context.support.DirtiesContextTestExecutionListener, org.springframework.test.context.transaction.TransactionalTestExecutionListener, org.springframework.test.context.jdbc.SqlScriptsTestExecutionListener, org.springframework.test.context.event.EventPublishingTestExecutionListener]
2020-12-23 11:14:52.334 [ main ] - [ INFO  ] [ o.s.t.c.support.DefaultTestContextBootstrapper : 174 ] 111- Using TestExecutionListeners: [org.springframework.test.context.support.DirtiesContextBeforeModesTestExecutionListener@7692d9cc, org.springframework.boot.test.mock.mockito.MockitoTestExecutionListener@75f32542, org.springframework.test.context.support.DependencyInjectionTestExecutionListener@7f1302d6, org.springframework.test.context.support.DirtiesContextTestExecutionListener@43ee72e6, org.springframework.test.context.event.EventPublishingTestExecutionListener@23529fee, org.springframework.boot.test.mock.mockito.ResetMocksTestExecutionListener@4fe767f3, org.springframework.boot.test.autoconfigure.restdocs.RestDocsTestExecutionListener@2805c96b, org.springframework.boot.test.autoconfigure.web.client.MockRestServiceServerResetTestExecutionListener@184cf7cf, org.springframework.boot.test.autoconfigure.web.servlet.MockMvcPrintOnlyOnFailureTestExecutionListener@2fd6b6c7, org.springframework.boot.test.autoconfigure.web.servlet.WebDriverTestExecutionListener@5bfa9431, org.springframework.boot.test.autoconfigure.webservices.client.MockWebServiceServerTestExecutionListener@5db250b4]
2020-12-23 11:15:01.527 [ main ] - [ INFO  ] [ o.s.t.c.support.DefaultTestContextBootstrapper : 245 ] 111- Loaded default TestExecutionListener class names from location [META-INF/spring.factories]: [org.springframework.boot.test.mock.mockito.MockitoTestExecutionListener, org.springframework.boot.test.mock.mockito.ResetMocksTestExecutionListener, org.springframework.boot.test.autoconfigure.restdocs.RestDocsTestExecutionListener, org.springframework.boot.test.autoconfigure.web.client.MockRestServiceServerResetTestExecutionListener, org.springframework.boot.test.autoconfigure.web.servlet.MockMvcPrintOnlyOnFailureTestExecutionListener, org.springframework.boot.test.autoconfigure.web.servlet.WebDriverTestExecutionListener, org.springframework.boot.test.autoconfigure.webservices.client.MockWebServiceServerTestExecutionListener, org.springframework.test.context.web.ServletTestExecutionListener, org.springframework.test.context.support.DirtiesContextBeforeModesTestExecutionListener, org.springframework.test.context.support.DependencyInjectionTestExecutionListener, org.springframework.test.context.support.DirtiesContextTestExecutionListener, org.springframework.test.context.transaction.TransactionalTestExecutionListener, org.springframework.test.context.jdbc.SqlScriptsTestExecutionListener, org.springframework.test.context.event.EventPublishingTestExecutionListener]
2020-12-23 11:15:01.545 [ main ] - [ INFO  ] [ o.s.t.c.support.DefaultTestContextBootstrapper : 174 ] 111- Using TestExecutionListeners: [org.springframework.test.context.support.DirtiesContextBeforeModesTestExecutionListener@75f32542, org.springframework.boot.test.mock.mockito.MockitoTestExecutionListener@7f1302d6, org.springframework.test.context.support.DependencyInjectionTestExecutionListener@43ee72e6, org.springframework.test.context.support.DirtiesContextTestExecutionListener@23529fee, org.springframework.test.context.event.EventPublishingTestExecutionListener@4fe767f3, org.springframework.boot.test.mock.mockito.ResetMocksTestExecutionListener@2805c96b, org.springframework.boot.test.autoconfigure.restdocs.RestDocsTestExecutionListener@184cf7cf, org.springframework.boot.test.autoconfigure.web.client.MockRestServiceServerResetTestExecutionListener@2fd6b6c7, org.springframework.boot.test.autoconfigure.web.servlet.MockMvcPrintOnlyOnFailureTestExecutionListener@5bfa9431, org.springframework.boot.test.autoconfigure.web.servlet.WebDriverTestExecutionListener@5db250b4, org.springframework.boot.test.autoconfigure.webservices.client.MockWebServiceServerTestExecutionListener@223f3642]
2020-12-23 11:15:52.408 [ main ] - [ INFO  ] [ o.s.t.c.support.DefaultTestContextBootstrapper : 245 ] 111- Loaded default TestExecutionListener class names from location [META-INF/spring.factories]: [org.springframework.boot.test.mock.mockito.MockitoTestExecutionListener, org.springframework.boot.test.mock.mockito.ResetMocksTestExecutionListener, org.springframework.boot.test.autoconfigure.restdocs.RestDocsTestExecutionListener, org.springframework.boot.test.autoconfigure.web.client.MockRestServiceServerResetTestExecutionListener, org.springframework.boot.test.autoconfigure.web.servlet.MockMvcPrintOnlyOnFailureTestExecutionListener, org.springframework.boot.test.autoconfigure.web.servlet.WebDriverTestExecutionListener, org.springframework.boot.test.autoconfigure.webservices.client.MockWebServiceServerTestExecutionListener, org.springframework.test.context.web.ServletTestExecutionListener, org.springframework.test.context.support.DirtiesContextBeforeModesTestExecutionListener, org.springframework.test.context.support.DependencyInjectionTestExecutionListener, org.springframework.test.context.support.DirtiesContextTestExecutionListener, org.springframework.test.context.transaction.TransactionalTestExecutionListener, org.springframework.test.context.jdbc.SqlScriptsTestExecutionListener, org.springframework.test.context.event.EventPublishingTestExecutionListener]
2020-12-23 11:15:52.430 [ main ] - [ INFO  ] [ o.s.t.c.support.DefaultTestContextBootstrapper : 174 ] 111- Using TestExecutionListeners: [org.springframework.test.context.support.DirtiesContextBeforeModesTestExecutionListener@7692d9cc, org.springframework.boot.test.mock.mockito.MockitoTestExecutionListener@75f32542, org.springframework.test.context.support.DependencyInjectionTestExecutionListener@7f1302d6, org.springframework.test.context.support.DirtiesContextTestExecutionListener@43ee72e6, org.springframework.test.context.event.EventPublishingTestExecutionListener@23529fee, org.springframework.boot.test.mock.mockito.ResetMocksTestExecutionListener@4fe767f3, org.springframework.boot.test.autoconfigure.restdocs.RestDocsTestExecutionListener@2805c96b, org.springframework.boot.test.autoconfigure.web.client.MockRestServiceServerResetTestExecutionListener@184cf7cf, org.springframework.boot.test.autoconfigure.web.servlet.MockMvcPrintOnlyOnFailureTestExecutionListener@2fd6b6c7, org.springframework.boot.test.autoconfigure.web.servlet.WebDriverTestExecutionListener@5bfa9431, org.springframework.boot.test.autoconfigure.webservices.client.MockWebServiceServerTestExecutionListener@5db250b4]
2020-12-23 11:16:01.938 [ main ] - [ INFO  ] [ o.s.t.c.support.DefaultTestContextBootstrapper : 245 ] 111- Loaded default TestExecutionListener class names from location [META-INF/spring.factories]: [org.springframework.boot.test.mock.mockito.MockitoTestExecutionListener, org.springframework.boot.test.mock.mockito.ResetMocksTestExecutionListener, org.springframework.boot.test.autoconfigure.restdocs.RestDocsTestExecutionListener, org.springframework.boot.test.autoconfigure.web.client.MockRestServiceServerResetTestExecutionListener, org.springframework.boot.test.autoconfigure.web.servlet.MockMvcPrintOnlyOnFailureTestExecutionListener, org.springframework.boot.test.autoconfigure.web.servlet.WebDriverTestExecutionListener, org.springframework.boot.test.autoconfigure.webservices.client.MockWebServiceServerTestExecutionListener, org.springframework.test.context.web.ServletTestExecutionListener, org.springframework.test.context.support.DirtiesContextBeforeModesTestExecutionListener, org.springframework.test.context.support.DependencyInjectionTestExecutionListener, org.springframework.test.context.support.DirtiesContextTestExecutionListener, org.springframework.test.context.transaction.TransactionalTestExecutionListener, org.springframework.test.context.jdbc.SqlScriptsTestExecutionListener, org.springframework.test.context.event.EventPublishingTestExecutionListener]
2020-12-23 11:16:01.989 [ main ] - [ INFO  ] [ o.s.t.c.support.DefaultTestContextBootstrapper : 174 ] 111- Using TestExecutionListeners: [org.springframework.test.context.support.DirtiesContextBeforeModesTestExecutionListener@7692d9cc, org.springframework.boot.test.mock.mockito.MockitoTestExecutionListener@75f32542, org.springframework.test.context.support.DependencyInjectionTestExecutionListener@7f1302d6, org.springframework.test.context.support.DirtiesContextTestExecutionListener@43ee72e6, org.springframework.test.context.event.EventPublishingTestExecutionListener@23529fee, org.springframework.boot.test.mock.mockito.ResetMocksTestExecutionListener@4fe767f3, org.springframework.boot.test.autoconfigure.restdocs.RestDocsTestExecutionListener@2805c96b, org.springframework.boot.test.autoconfigure.web.client.MockRestServiceServerResetTestExecutionListener@184cf7cf, org.springframework.boot.test.autoconfigure.web.servlet.MockMvcPrintOnlyOnFailureTestExecutionListener@2fd6b6c7, org.springframework.boot.test.autoconfigure.web.servlet.WebDriverTestExecutionListener@5bfa9431, org.springframework.boot.test.autoconfigure.webservices.client.MockWebServiceServerTestExecutionListener@5db250b4]
2020-12-23 11:16:08.366 [ main ] - [ INFO  ] [ o.s.t.c.support.DefaultTestContextBootstrapper : 245 ] 111- Loaded default TestExecutionListener class names from location [META-INF/spring.factories]: [org.springframework.boot.test.mock.mockito.MockitoTestExecutionListener, org.springframework.boot.test.mock.mockito.ResetMocksTestExecutionListener, org.springframework.boot.test.autoconfigure.restdocs.RestDocsTestExecutionListener, org.springframework.boot.test.autoconfigure.web.client.MockRestServiceServerResetTestExecutionListener, org.springframework.boot.test.autoconfigure.web.servlet.MockMvcPrintOnlyOnFailureTestExecutionListener, org.springframework.boot.test.autoconfigure.web.servlet.WebDriverTestExecutionListener, org.springframework.boot.test.autoconfigure.webservices.client.MockWebServiceServerTestExecutionListener, org.springframework.test.context.web.ServletTestExecutionListener, org.springframework.test.context.support.DirtiesContextBeforeModesTestExecutionListener, org.springframework.test.context.support.DependencyInjectionTestExecutionListener, org.springframework.test.context.support.DirtiesContextTestExecutionListener, org.springframework.test.context.transaction.TransactionalTestExecutionListener, org.springframework.test.context.jdbc.SqlScriptsTestExecutionListener, org.springframework.test.context.event.EventPublishingTestExecutionListener]
2020-12-23 11:16:08.392 [ main ] - [ INFO  ] [ o.s.t.c.support.DefaultTestContextBootstrapper : 174 ] 111- Using TestExecutionListeners: [org.springframework.test.context.support.DirtiesContextBeforeModesTestExecutionListener@75f32542, org.springframework.boot.test.mock.mockito.MockitoTestExecutionListener@7f1302d6, org.springframework.test.context.support.DependencyInjectionTestExecutionListener@43ee72e6, org.springframework.test.context.support.DirtiesContextTestExecutionListener@23529fee, org.springframework.test.context.event.EventPublishingTestExecutionListener@4fe767f3, org.springframework.boot.test.mock.mockito.ResetMocksTestExecutionListener@2805c96b, org.springframework.boot.test.autoconfigure.restdocs.RestDocsTestExecutionListener@184cf7cf, org.springframework.boot.test.autoconfigure.web.client.MockRestServiceServerResetTestExecutionListener@2fd6b6c7, org.springframework.boot.test.autoconfigure.web.servlet.MockMvcPrintOnlyOnFailureTestExecutionListener@5bfa9431, org.springframework.boot.test.autoconfigure.web.servlet.WebDriverTestExecutionListener@5db250b4, org.springframework.boot.test.autoconfigure.webservices.client.MockWebServiceServerTestExecutionListener@223f3642]
2020-12-23 11:16:41.546 [ main ] - [ INFO  ] [ com.ex.evil_log.EvilLogApplication : 55 ] 111- Starting EvilLogApplication using Java 1.8.0_73 on USERCHI-QPDAIEI with PID 1468 (D:\IDEAWorkSpace\evil_log\target\classes started by Administrator in D:\IDEAWorkSpace\evil_log)
2020-12-23 11:16:41.550 [ main ] - [ INFO  ] [ com.ex.evil_log.EvilLogApplication : 660 ] 111- No active profile set, falling back to default profiles: default
2020-12-23 11:16:42.070 [ main ] - [ INFO  ] [ com.ex.evil_log.EvilLogApplication : 61 ] 111- Started EvilLogApplication in 0.96 seconds (JVM running for 2.199)
2020-12-23 12:51:39.551 [ main ] - [ INFO  ] [ com.ex.evil_log.EvilLogApplication : 55 ] 111- Starting EvilLogApplication using Java 1.8.0_73 on USERCHI-QPDAIEI with PID 5500 (D:\IDEAWorkSpace\evil_log\target\classes started by Administrator in D:\IDEAWorkSpace\evil_log)
2020-12-23 12:51:39.551 [ main ] - [ INFO  ] [ com.ex.evil_log.EvilLogApplication : 660 ] 111- No active profile set, falling back to default profiles: default
2020-12-23 12:51:40.192 [ main ] - [ INFO  ] [ com.ex.evil_log.EvilLogApplication : 61 ] 111- Started EvilLogApplication in 1.145 seconds (JVM running for 2.811)
2020-12-23 12:52:16.875 [ main ] - [ INFO  ] [ o.s.t.c.support.DefaultTestContextBootstrapper : 245 ] 111- Loaded default TestExecutionListener class names from location [META-INF/spring.factories]: [org.springframework.boot.test.mock.mockito.MockitoTestExecutionListener, org.springframework.boot.test.mock.mockito.ResetMocksTestExecutionListener, org.springframework.boot.test.autoconfigure.restdocs.RestDocsTestExecutionListener, org.springframework.boot.test.autoconfigure.web.client.MockRestServiceServerResetTestExecutionListener, org.springframework.boot.test.autoconfigure.web.servlet.MockMvcPrintOnlyOnFailureTestExecutionListener, org.springframework.boot.test.autoconfigure.web.servlet.WebDriverTestExecutionListener, org.springframework.boot.test.autoconfigure.webservices.client.MockWebServiceServerTestExecutionListener, org.springframework.test.context.web.ServletTestExecutionListener, org.springframework.test.context.support.DirtiesContextBeforeModesTestExecutionListener, org.springframework.test.context.support.DependencyInjectionTestExecutionListener, org.springframework.test.context.support.DirtiesContextTestExecutionListener, org.springframework.test.context.transaction.TransactionalTestExecutionListener, org.springframework.test.context.jdbc.SqlScriptsTestExecutionListener, org.springframework.test.context.event.EventPublishingTestExecutionListener]
2020-12-23 12:52:16.922 [ main ] - [ INFO  ] [ o.s.t.c.support.DefaultTestContextBootstrapper : 174 ] 111- Using TestExecutionListeners: [org.springframework.test.context.support.DirtiesContextBeforeModesTestExecutionListener@7692d9cc, org.springframework.boot.test.mock.mockito.MockitoTestExecutionListener@75f32542, org.springframework.test.context.support.DependencyInjectionTestExecutionListener@7f1302d6, org.springframework.test.context.support.DirtiesContextTestExecutionListener@43ee72e6, org.springframework.test.context.event.EventPublishingTestExecutionListener@23529fee, org.springframework.boot.test.mock.mockito.ResetMocksTestExecutionListener@4fe767f3, org.springframework.boot.test.autoconfigure.restdocs.RestDocsTestExecutionListener@2805c96b, org.springframework.boot.test.autoconfigure.web.client.MockRestServiceServerResetTestExecutionListener@184cf7cf, org.springframework.boot.test.autoconfigure.web.servlet.MockMvcPrintOnlyOnFailureTestExecutionListener@2fd6b6c7, org.springframework.boot.test.autoconfigure.web.servlet.WebDriverTestExecutionListener@5bfa9431, org.springframework.boot.test.autoconfigure.webservices.client.MockWebServiceServerTestExecutionListener@5db250b4]
