2020-12-23 12:52:17.890 [ main ] - [ INFO  ] [ com.ex.evil_log.annotation_aop_cjlib.Customer : 21 ] 111- =================删除操作================
2020-12-23 12:52:17.906 [ main ] - [ INFO  ] [ com.ex.evil_log.annotation_aop_cjlib.MyAspectAnno : 38 ] 111- ===@Order(0)先于1执行===pointcut1-save前置校验通知=========execution(String com.ex.evil_log.annotation_aop_cjlib.Customer.save())
2020-12-23 12:52:17.906 [ main ] - [ INFO  ] [ com.ex.evil_log.annotation_aop_cjlib.OrderFirst : 41 ] 111- ===@Order(1)===pointcut-save前置校验通知=========execution(String com.ex.evil_log.annotation_aop_cjlib.Customer.save())
2020-12-23 12:52:17.906 [ main ] - [ INFO  ] [ com.ex.evil_log.annotation_aop_cjlib.Customer : 10 ] 111- 保存操作
2020-12-23 12:52:17.906 [ main ] - [ INFO  ] [ com.ex.evil_log.annotation_aop_cjlib.OrderFirst : 46 ] 111- ======@Order(1)==========pointcut-save后置通知===============Customer - return save
2020-12-23 12:52:17.906 [ main ] - [ INFO  ] [ com.ex.evil_log.annotation_aop_cjlib.MyAspectAnno : 43 ] 111- ======@Order(0)后执行==========pointcut1-save后置通知===============Customer - return save
2020-12-23 12:52:17.906 [ main ] - [ INFO  ] [ com.ex.evil_log.annotation_aop_cjlib.Customer : 17 ] 111- =================更新操作================
2020-12-23 12:52:17.906 [ main ] - [ INFO  ] [ com.ex.evil_log.annotation_aop_cjlib.OrderFirst : 30 ] 111- ***@Order(1)******update-最终通知**********
2020-12-23 12:52:17.906 [ main ] - [ INFO  ] [ com.ex.evil_log.annotation_aop_cjlib.MyAspectAnno : 28 ] 111- ***@Order(0)******update-最终通知**********
2020-12-23 12:52:17.906 [ main ] - [ INFO  ] [ com.ex.evil_log.annotation_aop_cjlib.MyAspectAnno : 16 ] 111- =====@Order(0)======find-环绕前通知===========
2020-12-23 12:52:17.906 [ main ] - [ INFO  ] [ com.ex.evil_log.annotation_aop_cjlib.OrderFirst : 18 ] 111- =@Order(1)==========find-环绕前通知===========
2020-12-23 12:52:17.906 [ main ] - [ INFO  ] [ com.ex.evil_log.annotation_aop_cjlib.Customer : 14 ] 111- =================查找操作================
2020-12-23 12:52:17.906 [ main ] - [ INFO  ] [ com.ex.evil_log.annotation_aop_cjlib.OrderFirst : 20 ] 111- ==@Order(1)===========find-环绕后通知===============
2020-12-23 12:52:17.906 [ main ] - [ INFO  ] [ com.ex.evil_log.annotation_aop_cjlib.MyAspectAnno : 18 ] 111- =====@Order(0)========find-环绕后通知===============
2020-12-23 13:35:29.792 [ main ] - [ INFO  ] [ o.s.t.c.support.DefaultTestContextBootstrapper : 245 ] 111- Loaded default TestExecutionListener class names from location [META-INF/spring.factories]: [org.springframework.boot.test.mock.mockito.MockitoTestExecutionListener, org.springframework.boot.test.mock.mockito.ResetMocksTestExecutionListener, org.springframework.boot.test.autoconfigure.restdocs.RestDocsTestExecutionListener, org.springframework.boot.test.autoconfigure.web.client.MockRestServiceServerResetTestExecutionListener, org.springframework.boot.test.autoconfigure.web.servlet.MockMvcPrintOnlyOnFailureTestExecutionListener, org.springframework.boot.test.autoconfigure.web.servlet.WebDriverTestExecutionListener, org.springframework.boot.test.autoconfigure.webservices.client.MockWebServiceServerTestExecutionListener, org.springframework.test.context.web.ServletTestExecutionListener, org.springframework.test.context.support.DirtiesContextBeforeModesTestExecutionListener, org.springframework.test.context.support.DependencyInjectionTestExecutionListener, org.springframework.test.context.support.DirtiesContextTestExecutionListener, org.springframework.test.context.transaction.TransactionalTestExecutionListener, org.springframework.test.context.jdbc.SqlScriptsTestExecutionListener, org.springframework.test.context.event.EventPublishingTestExecutionListener]
2020-12-23 13:35:29.808 [ main ] - [ INFO  ] [ o.s.t.c.support.DefaultTestContextBootstrapper : 174 ] 111- Using TestExecutionListeners: [org.springframework.test.context.support.DirtiesContextBeforeModesTestExecutionListener@75f32542, org.springframework.boot.test.mock.mockito.MockitoTestExecutionListener@7f1302d6, org.springframework.test.context.support.DependencyInjectionTestExecutionListener@43ee72e6, org.springframework.test.context.support.DirtiesContextTestExecutionListener@23529fee, org.springframework.test.context.event.EventPublishingTestExecutionListener@4fe767f3, org.springframework.boot.test.mock.mockito.ResetMocksTestExecutionListener@2805c96b, org.springframework.boot.test.autoconfigure.restdocs.RestDocsTestExecutionListener@184cf7cf, org.springframework.boot.test.autoconfigure.web.client.MockRestServiceServerResetTestExecutionListener@2fd6b6c7, org.springframework.boot.test.autoconfigure.web.servlet.MockMvcPrintOnlyOnFailureTestExecutionListener@5bfa9431, org.springframework.boot.test.autoconfigure.web.servlet.WebDriverTestExecutionListener@5db250b4, org.springframework.boot.test.autoconfigure.webservices.client.MockWebServiceServerTestExecutionListener@223f3642]
2020-12-23 13:35:30.730 [ main ] - [ INFO  ] [ com.ex.evil_log.xml_aop_jdk.CustomerDao : 12 ] 111- 保存操作********
2020-12-23 13:35:30.730 [ main ] - [ INFO  ] [ com.ex.evil_log.xml_aop_jdk.MyAspect : 17 ] 111- 后置通知=========================save-return
2020-12-23 13:35:30.730 [ main ] - [ INFO  ] [ com.ex.evil_log.xml_aop_jdk.CustomerDao : 28 ] 111- 增加操作********
2020-12-23 13:35:30.730 [ main ] - [ INFO  ] [ com.ex.evil_log.xml_aop_jdk.CustomerDao : 23 ] 111- 删除操作********
2020-12-23 13:35:30.730 [ main ] - [ INFO  ] [ com.ex.evil_log.xml_aop_jdk.MyAspect : 20 ] 111- 环绕前通知=========================
2020-12-23 13:35:30.730 [ main ] - [ INFO  ] [ com.ex.evil_log.xml_aop_jdk.CustomerDao : 38 ] 111- 查找所有操作********
2020-12-23 13:35:30.745 [ main ] - [ INFO  ] [ com.ex.evil_log.xml_aop_jdk.MyAspect : 22 ] 111- 环绕后通知=========================
2020-12-23 13:35:30.745 [ main ] - [ INFO  ] [ com.ex.evil_log.xml_aop_jdk.CustomerDao : 28 ] 111- 增加操作********
2020-12-23 13:35:30.745 [ main ] - [ INFO  ] [ com.ex.evil_log.xml_aop_jdk.CustomerDao : 33 ] 111- 查找一个操作********
2020-12-23 13:35:30.745 [ main ] - [ INFO  ] [ com.ex.evil_log.xml_aop_jdk.MyAspect : 26 ] 111- 最终通知=========================
2020-12-23 13:36:20.190 [ main ] - [ INFO  ] [ o.s.t.c.support.DefaultTestContextBootstrapper : 245 ] 111- Loaded default TestExecutionListener class names from location [META-INF/spring.factories]: [org.springframework.boot.test.mock.mockito.MockitoTestExecutionListener, org.springframework.boot.test.mock.mockito.ResetMocksTestExecutionListener, org.springframework.boot.test.autoconfigure.restdocs.RestDocsTestExecutionListener, org.springframework.boot.test.autoconfigure.web.client.MockRestServiceServerResetTestExecutionListener, org.springframework.boot.test.autoconfigure.web.servlet.MockMvcPrintOnlyOnFailureTestExecutionListener, org.springframework.boot.test.autoconfigure.web.servlet.WebDriverTestExecutionListener, org.springframework.boot.test.autoconfigure.webservices.client.MockWebServiceServerTestExecutionListener, org.springframework.test.context.web.ServletTestExecutionListener, org.springframework.test.context.support.DirtiesContextBeforeModesTestExecutionListener, org.springframework.test.context.support.DependencyInjectionTestExecutionListener, org.springframework.test.context.support.DirtiesContextTestExecutionListener, org.springframework.test.context.transaction.TransactionalTestExecutionListener, org.springframework.test.context.jdbc.SqlScriptsTestExecutionListener, org.springframework.test.context.event.EventPublishingTestExecutionListener]
2020-12-23 13:36:20.221 [ main ] - [ INFO  ] [ o.s.t.c.support.DefaultTestContextBootstrapper : 174 ] 111- Using TestExecutionListeners: [org.springframework.test.context.support.DirtiesContextBeforeModesTestExecutionListener@75f32542, org.springframework.boot.test.mock.mockito.MockitoTestExecutionListener@7f1302d6, org.springframework.test.context.support.DependencyInjectionTestExecutionListener@43ee72e6, org.springframework.test.context.support.DirtiesContextTestExecutionListener@23529fee, org.springframework.test.context.event.EventPublishingTestExecutionListener@4fe767f3, org.springframework.boot.test.mock.mockito.ResetMocksTestExecutionListener@2805c96b, org.springframework.boot.test.autoconfigure.restdocs.RestDocsTestExecutionListener@184cf7cf, org.springframework.boot.test.autoconfigure.web.client.MockRestServiceServerResetTestExecutionListener@2fd6b6c7, org.springframework.boot.test.autoconfigure.web.servlet.MockMvcPrintOnlyOnFailureTestExecutionListener@5bfa9431, org.springframework.boot.test.autoconfigure.web.servlet.WebDriverTestExecutionListener@5db250b4, org.springframework.boot.test.autoconfigure.webservices.client.MockWebServiceServerTestExecutionListener@223f3642]
2020-12-23 13:36:21.362 [ main ] - [ INFO  ] [ com.ex.evil_log.xml_aop_jdk.CustomerDao : 12 ] 111- 保存操作********
2020-12-23 13:36:21.362 [ main ] - [ INFO  ] [ com.ex.evil_log.xml_aop_jdk.MyAspect : 17 ] 111- 后置通知=========================save-return
2020-12-23 13:36:21.362 [ main ] - [ INFO  ] [ com.ex.evil_log.xml_aop_jdk.CustomerDao : 28 ] 111- 增加操作********
2020-12-23 13:36:21.362 [ main ] - [ INFO  ] [ com.ex.evil_log.xml_aop_jdk.CustomerDao : 23 ] 111- 删除操作********
2020-12-23 13:36:21.362 [ main ] - [ INFO  ] [ com.ex.evil_log.xml_aop_jdk.MyAspect : 20 ] 111- 环绕前通知=========================
2020-12-23 13:36:21.362 [ main ] - [ INFO  ] [ com.ex.evil_log.xml_aop_jdk.CustomerDao : 38 ] 111- 查找所有操作********
2020-12-23 13:36:21.362 [ main ] - [ INFO  ] [ com.ex.evil_log.xml_aop_jdk.MyAspect : 22 ] 111- 环绕后通知=========================
2020-12-23 13:36:21.362 [ main ] - [ INFO  ] [ com.ex.evil_log.xml_aop_jdk.CustomerDao : 28 ] 111- 增加操作********
2020-12-23 13:36:21.362 [ main ] - [ INFO  ] [ com.ex.evil_log.xml_aop_jdk.CustomerDao : 33 ] 111- 查找一个操作********
2020-12-23 13:36:21.362 [ main ] - [ INFO  ] [ com.ex.evil_log.xml_aop_jdk.MyAspect : 26 ] 111- 最终通知=========================
2020-12-23 13:44:56.402 [ main ] - [ INFO  ] [ o.s.t.c.support.DefaultTestContextBootstrapper : 245 ] 111- Loaded default TestExecutionListener class names from location [META-INF/spring.factories]: [org.springframework.boot.test.mock.mockito.MockitoTestExecutionListener, org.springframework.boot.test.mock.mockito.ResetMocksTestExecutionListener, org.springframework.boot.test.autoconfigure.restdocs.RestDocsTestExecutionListener, org.springframework.boot.test.autoconfigure.web.client.MockRestServiceServerResetTestExecutionListener, org.springframework.boot.test.autoconfigure.web.servlet.MockMvcPrintOnlyOnFailureTestExecutionListener, org.springframework.boot.test.autoconfigure.web.servlet.WebDriverTestExecutionListener, org.springframework.boot.test.autoconfigure.webservices.client.MockWebServiceServerTestExecutionListener, org.springframework.test.context.web.ServletTestExecutionListener, org.springframework.test.context.support.DirtiesContextBeforeModesTestExecutionListener, org.springframework.test.context.support.DependencyInjectionTestExecutionListener, org.springframework.test.context.support.DirtiesContextTestExecutionListener, org.springframework.test.context.transaction.TransactionalTestExecutionListener, org.springframework.test.context.jdbc.SqlScriptsTestExecutionListener, org.springframework.test.context.event.EventPublishingTestExecutionListener]
2020-12-23 13:44:56.418 [ main ] - [ INFO  ] [ o.s.t.c.support.DefaultTestContextBootstrapper : 174 ] 111- Using TestExecutionListeners: [org.springframework.test.context.support.DirtiesContextBeforeModesTestExecutionListener@75f32542, org.springframework.boot.test.mock.mockito.MockitoTestExecutionListener@7f1302d6, org.springframework.test.context.support.DependencyInjectionTestExecutionListener@43ee72e6, org.springframework.test.context.support.DirtiesContextTestExecutionListener@23529fee, org.springframework.test.context.event.EventPublishingTestExecutionListener@4fe767f3, org.springframework.boot.test.mock.mockito.ResetMocksTestExecutionListener@2805c96b, org.springframework.boot.test.autoconfigure.restdocs.RestDocsTestExecutionListener@184cf7cf, org.springframework.boot.test.autoconfigure.web.client.MockRestServiceServerResetTestExecutionListener@2fd6b6c7, org.springframework.boot.test.autoconfigure.web.servlet.MockMvcPrintOnlyOnFailureTestExecutionListener@5bfa9431, org.springframework.boot.test.autoconfigure.web.servlet.WebDriverTestExecutionListener@5db250b4, org.springframework.boot.test.autoconfigure.webservices.client.MockWebServiceServerTestExecutionListener@223f3642]
2020-12-23 13:44:57.355 [ main ] - [ INFO  ] [ com.ex.evil_log.annotation_aop_cjlib.Customer : 21 ] 111- =================删除操作================
2020-12-23 13:44:57.355 [ main ] - [ INFO  ] [ com.ex.evil_log.annotation_aop_cjlib.MyAspectAnno : 38 ] 111- ===@Order(0)先于1执行===pointcut1-save前置校验通知=========execution(String com.ex.evil_log.annotation_aop_cjlib.Customer.save())
2020-12-23 13:44:57.355 [ main ] - [ INFO  ] [ com.ex.evil_log.annotation_aop_cjlib.OrderAspect : 41 ] 111- ===@Order(1)===pointcut-save前置校验通知=========execution(String com.ex.evil_log.annotation_aop_cjlib.Customer.save())
2020-12-23 13:44:57.355 [ main ] - [ INFO  ] [ com.ex.evil_log.annotation_aop_cjlib.Customer : 10 ] 111- 保存操作
2020-12-23 13:44:57.355 [ main ] - [ INFO  ] [ com.ex.evil_log.annotation_aop_cjlib.OrderAspect : 46 ] 111- ======@Order(1)==========pointcut-save后置通知===============Customer - return save
2020-12-23 13:44:57.355 [ main ] - [ INFO  ] [ com.ex.evil_log.annotation_aop_cjlib.MyAspectAnno : 43 ] 111- ======@Order(0)后执行==========pointcut1-save后置通知===============Customer - return save
2020-12-23 13:44:57.371 [ main ] - [ INFO  ] [ com.ex.evil_log.annotation_aop_cjlib.Customer : 17 ] 111- =================更新操作================
2020-12-23 13:44:57.371 [ main ] - [ INFO  ] [ com.ex.evil_log.annotation_aop_cjlib.OrderAspect : 30 ] 111- ***@Order(1)******update-最终通知**********
2020-12-23 13:44:57.371 [ main ] - [ INFO  ] [ com.ex.evil_log.annotation_aop_cjlib.MyAspectAnno : 28 ] 111- ***@Order(0)******update-最终通知**********
2020-12-23 13:44:57.371 [ main ] - [ INFO  ] [ com.ex.evil_log.annotation_aop_cjlib.MyAspectAnno : 16 ] 111- =====@Order(0)======find-环绕前通知===========
2020-12-23 13:44:57.371 [ main ] - [ INFO  ] [ com.ex.evil_log.annotation_aop_cjlib.OrderAspect : 18 ] 111- =@Order(1)==========find-环绕前通知===========
2020-12-23 13:44:57.371 [ main ] - [ INFO  ] [ com.ex.evil_log.annotation_aop_cjlib.Customer : 14 ] 111- =================查找操作================
2020-12-23 13:44:57.371 [ main ] - [ INFO  ] [ com.ex.evil_log.annotation_aop_cjlib.OrderAspect : 20 ] 111- ==@Order(1)===========find-环绕后通知===============
2020-12-23 13:44:57.371 [ main ] - [ INFO  ] [ com.ex.evil_log.annotation_aop_cjlib.MyAspectAnno : 18 ] 111- =====@Order(0)========find-环绕后通知===============
2020-12-23 13:45:08.141 [ main ] - [ INFO  ] [ o.s.t.c.support.DefaultTestContextBootstrapper : 245 ] 111- Loaded default TestExecutionListener class names from location [META-INF/spring.factories]: [org.springframework.boot.test.mock.mockito.MockitoTestExecutionListener, org.springframework.boot.test.mock.mockito.ResetMocksTestExecutionListener, org.springframework.boot.test.autoconfigure.restdocs.RestDocsTestExecutionListener, org.springframework.boot.test.autoconfigure.web.client.MockRestServiceServerResetTestExecutionListener, org.springframework.boot.test.autoconfigure.web.servlet.MockMvcPrintOnlyOnFailureTestExecutionListener, org.springframework.boot.test.autoconfigure.web.servlet.WebDriverTestExecutionListener, org.springframework.boot.test.autoconfigure.webservices.client.MockWebServiceServerTestExecutionListener, org.springframework.test.context.web.ServletTestExecutionListener, org.springframework.test.context.support.DirtiesContextBeforeModesTestExecutionListener, org.springframework.test.context.support.DependencyInjectionTestExecutionListener, org.springframework.test.context.support.DirtiesContextTestExecutionListener, org.springframework.test.context.transaction.TransactionalTestExecutionListener, org.springframework.test.context.jdbc.SqlScriptsTestExecutionListener, org.springframework.test.context.event.EventPublishingTestExecutionListener]
2020-12-23 13:45:08.188 [ main ] - [ INFO  ] [ o.s.t.c.support.DefaultTestContextBootstrapper : 174 ] 111- Using TestExecutionListeners: [org.springframework.test.context.support.DirtiesContextBeforeModesTestExecutionListener@7f1302d6, org.springframework.boot.test.mock.mockito.MockitoTestExecutionListener@43ee72e6, org.springframework.test.context.support.DependencyInjectionTestExecutionListener@23529fee, org.springframework.test.context.support.DirtiesContextTestExecutionListener@4fe767f3, org.springframework.test.context.event.EventPublishingTestExecutionListener@2805c96b, org.springframework.boot.test.mock.mockito.ResetMocksTestExecutionListener@184cf7cf, org.springframework.boot.test.autoconfigure.restdocs.RestDocsTestExecutionListener@2fd6b6c7, org.springframework.boot.test.autoconfigure.web.client.MockRestServiceServerResetTestExecutionListener@5bfa9431, org.springframework.boot.test.autoconfigure.web.servlet.MockMvcPrintOnlyOnFailureTestExecutionListener@5db250b4, org.springframework.boot.test.autoconfigure.web.servlet.WebDriverTestExecutionListener@223f3642, org.springframework.boot.test.autoconfigure.webservices.client.MockWebServiceServerTestExecutionListener@38c5cc4c]
2020-12-23 13:45:09.282 [ main ] - [ INFO  ] [ com.ex.evil_log.xml_aop_jdk.CustomerDao : 12 ] 111- 保存操作********
2020-12-23 13:45:09.282 [ main ] - [ INFO  ] [ com.ex.evil_log.xml_aop_jdk.MyAspect : 17 ] 111- 后置通知=========================save-return
2020-12-23 13:45:09.282 [ main ] - [ INFO  ] [ com.ex.evil_log.xml_aop_jdk.CustomerDao : 28 ] 111- 增加操作********
2020-12-23 13:45:09.282 [ main ] - [ INFO  ] [ com.ex.evil_log.xml_aop_jdk.CustomerDao : 23 ] 111- 删除操作********
2020-12-23 13:45:09.282 [ main ] - [ INFO  ] [ com.ex.evil_log.xml_aop_jdk.MyAspect : 20 ] 111- 环绕前通知=========================
2020-12-23 13:45:09.282 [ main ] - [ INFO  ] [ com.ex.evil_log.xml_aop_jdk.CustomerDao : 38 ] 111- 查找所有操作********
2020-12-23 13:45:09.282 [ main ] - [ INFO  ] [ com.ex.evil_log.xml_aop_jdk.MyAspect : 22 ] 111- 环绕后通知=========================
2020-12-23 13:45:09.282 [ main ] - [ INFO  ] [ com.ex.evil_log.xml_aop_jdk.CustomerDao : 28 ] 111- 增加操作********
2020-12-23 13:45:09.282 [ main ] - [ INFO  ] [ com.ex.evil_log.xml_aop_jdk.CustomerDao : 33 ] 111- 查找一个操作********
2020-12-23 13:45:09.282 [ main ] - [ INFO  ] [ com.ex.evil_log.xml_aop_jdk.MyAspect : 26 ] 111- 最终通知=========================
2020-12-23 13:45:21.059 [ main ] - [ INFO  ] [ o.s.s.a.ScheduledAnnotationBeanPostProcessor : 309 ] 111- No TaskScheduler/ScheduledExecutorService bean found for scheduled processing
2020-12-23 13:45:22.014 [ pool-2-thread-1 ] - [ INFO  ] [ com.ex.evil_log.logutil.AnnotationTask : 19 ] 111- ======info
2020-12-23 13:45:22.014 [ pool-2-thread-1 ] - [ WARN  ] [ com.ex.evil_log.logutil.AnnotationTask : 20 ] 111- ======warn
2020-12-23 13:45:22.014 [ pool-2-thread-1 ] - [ ERROR ] [ com.ex.evil_log.logutil.AnnotationTask : 21 ] 111- ======error
2020-12-23 13:45:22.014 [ pool-2-thread-1 ] - [ INFO  ] [ com.ex.evil_log.logutil.AnnotationTask : 28 ] 111- Hello,Aub!
2020-12-23 13:45:22.014 [ pool-2-thread-1 ] - [ INFO  ] [ com.ex.evil_log.logutil.AnnotationTask : 31 ] 111- Hello,Aub!   3Q!
2020-12-23 13:45:22.014 [ pool-2-thread-1 ] - [ INFO  ] [ com.ex.evil_log.logutil.AnnotationTask : 34 ] 111- Fruit:  apple,banana
2020-12-23 13:45:23.014 [ pool-2-thread-1 ] - [ INFO  ] [ com.ex.evil_log.logutil.AnnotationTask : 19 ] 111- ======info
2020-12-23 13:45:23.014 [ pool-2-thread-1 ] - [ WARN  ] [ com.ex.evil_log.logutil.AnnotationTask : 20 ] 111- ======warn
2020-12-23 13:45:23.014 [ pool-2-thread-1 ] - [ ERROR ] [ com.ex.evil_log.logutil.AnnotationTask : 21 ] 111- ======error
2020-12-23 13:45:23.014 [ pool-2-thread-1 ] - [ INFO  ] [ com.ex.evil_log.logutil.AnnotationTask : 28 ] 111- Hello,Aub!
2020-12-23 13:45:23.014 [ pool-2-thread-1 ] - [ INFO  ] [ com.ex.evil_log.logutil.AnnotationTask : 31 ] 111- Hello,Aub!   3Q!
2020-12-23 13:45:23.014 [ pool-2-thread-1 ] - [ INFO  ] [ com.ex.evil_log.logutil.AnnotationTask : 34 ] 111- Fruit:  apple,banana
2020-12-23 13:45:24.014 [ pool-2-thread-1 ] - [ INFO  ] [ com.ex.evil_log.logutil.AnnotationTask : 19 ] 111- ======info
2020-12-23 13:45:24.014 [ pool-2-thread-1 ] - [ WARN  ] [ com.ex.evil_log.logutil.AnnotationTask : 20 ] 111- ======warn
2020-12-23 13:45:24.014 [ pool-2-thread-1 ] - [ ERROR ] [ com.ex.evil_log.logutil.AnnotationTask : 21 ] 111- ======error
2020-12-23 13:45:24.014 [ pool-2-thread-1 ] - [ INFO  ] [ com.ex.evil_log.logutil.AnnotationTask : 28 ] 111- Hello,Aub!
2020-12-23 13:45:24.014 [ pool-2-thread-1 ] - [ INFO  ] [ com.ex.evil_log.logutil.AnnotationTask : 31 ] 111- Hello,Aub!   3Q!
2020-12-23 13:45:24.014 [ pool-2-thread-1 ] - [ INFO  ] [ com.ex.evil_log.logutil.AnnotationTask : 34 ] 111- Fruit:  apple,banana
2020-12-23 13:45:25.014 [ pool-2-thread-1 ] - [ INFO  ] [ com.ex.evil_log.logutil.AnnotationTask : 19 ] 111- ======info
2020-12-23 13:45:25.014 [ pool-2-thread-1 ] - [ WARN  ] [ com.ex.evil_log.logutil.AnnotationTask : 20 ] 111- ======warn
2020-12-23 13:45:25.014 [ pool-2-thread-1 ] - [ ERROR ] [ com.ex.evil_log.logutil.AnnotationTask : 21 ] 111- ======error
2020-12-23 13:45:25.014 [ pool-2-thread-1 ] - [ INFO  ] [ com.ex.evil_log.logutil.AnnotationTask : 28 ] 111- Hello,Aub!
2020-12-23 13:45:25.014 [ pool-2-thread-1 ] - [ INFO  ] [ com.ex.evil_log.logutil.AnnotationTask : 31 ] 111- Hello,Aub!   3Q!
2020-12-23 13:45:25.014 [ pool-2-thread-1 ] - [ INFO  ] [ com.ex.evil_log.logutil.AnnotationTask : 34 ] 111- Fruit:  apple,banana
2020-12-23 13:45:26.014 [ pool-2-thread-1 ] - [ INFO  ] [ com.ex.evil_log.logutil.AnnotationTask : 19 ] 111- ======info
2020-12-23 13:45:26.014 [ pool-2-thread-1 ] - [ WARN  ] [ com.ex.evil_log.logutil.AnnotationTask : 20 ] 111- ======warn
2020-12-23 13:45:26.014 [ pool-2-thread-1 ] - [ ERROR ] [ com.ex.evil_log.logutil.AnnotationTask : 21 ] 111- ======error
2020-12-23 13:45:26.014 [ pool-2-thread-1 ] - [ INFO  ] [ com.ex.evil_log.logutil.AnnotationTask : 28 ] 111- Hello,Aub!
2020-12-23 13:45:26.014 [ pool-2-thread-1 ] - [ INFO  ] [ com.ex.evil_log.logutil.AnnotationTask : 31 ] 111- Hello,Aub!   3Q!
2020-12-23 13:45:26.014 [ pool-2-thread-1 ] - [ INFO  ] [ com.ex.evil_log.logutil.AnnotationTask : 34 ] 111- Fruit:  apple,banana
